Log file open, 03/24/18 14:50:09
LogWindows: Failed to load 'aqProf.dll' (GetLastError=126)
LogWindows: File 'aqProf.dll' does not exist
LogWindows: Failed to load 'VSPerf140.dll' (GetLastError=126)
LogWindows: File 'VSPerf140.dll' does not exist
LogWindows: Failed to load 'VtuneApi.dll' (GetLastError=126)
LogWindows: File 'VtuneApi.dll' does not exist
LogWindows: Failed to load 'VtuneApi32e.dll' (GetLastError=126)
LogWindows: File 'VtuneApi32e.dll' does not exist
LogInit: Display: Running engine for game: Control
LogPlatformFile: Not using cached read wrapper
LogInit: Display: RandInit(-1995730566) SRandInit(-1995730566).
LogInit: Read version file with build ID '3944462'
LogInit: Overriding engine version to CL 3944462, compatible CL 3944462
LogInit: Registered custom module enumerator with build ID '3944462'
LogTaskGraph: Started task graph with 5 named threads and 23 total threads with 3 sets of task threads.
LogStats: Stats thread started at 0.254876
LogD3D11RHI: Aftermath initialized
LogICUInternationalization: Display: ICU TimeZone Detection - Raw Offset: +10:00, Platform Override: ''
LogModuleManager: Display: Found up-to-date module file ../../../Engine/Plugins/2D/Paper2D/Binaries/Win64/UE4Editor-Paper2D.dll (API version 3944462).
LogModuleManager: Display: Found up-to-date module file ../../../Engine/Plugins/2D/Paper2D/Binaries/Win64/UE4Editor-Paper2DEditor.dll (API version 3944462).
LogModuleManager: Display: Found up-to-date module file ../../../Engine/Plugins/2D/Paper2D/Binaries/Win64/UE4Editor-PaperSpriteSheetImporter.dll (API version 3944462).
LogModuleManager: Display: Found up-to-date module file ../../../Engine/Plugins/2D/Paper2D/Binaries/Win64/UE4Editor-PaperTiledImporter.dll (API version 3944462).
LogModuleManager: Display: Found up-to-date module file ../../../Engine/Plugins/2D/Paper2D/Binaries/Win64/UE4Editor-SmartSnapping.dll (API version 3944462).
LogModuleManager: Display: Found up-to-date module file ../../../Engine/Plugins/Blendables/LightPropagationVolume/Binaries/Win64/UE4Editor-LightPropagationVolumeRuntime.dll (API version 3944462).
LogModuleManager: Display: Found up-to-date module file ../../../Engine/Plugins/Blendables/LightPropagationVolume/Binaries/Win64/UE4Editor-LightPropagationVolumeEditor.dll (API version 3944462).
LogModuleManager: Display: Found up-to-date module file ../../../Engine/Plugins/Developer/CLionSourceCodeAccess/Binaries/Win64/UE4Editor-CLionSourceCodeAccess.dll (API version 3944462).
LogModuleManager: Display: Found up-to-date module file ../../../Engine/Plugins/Developer/GitSourceControl/Binaries/Win64/UE4Editor-GitSourceControl.dll (API version 3944462).
LogModuleManager: Display: Found up-to-date module file ../../../Engine/Plugins/Developer/PerforceSourceControl/Binaries/Win64/UE4Editor-PerforceSourceControl.dll (API version 3944462).
LogModuleManager: Display: Found up-to-date module file ../../../Engine/Plugins/Developer/SubversionSourceControl/Binaries/Win64/UE4Editor-SubversionSourceControl.dll (API version 3944462).
LogModuleManager: Display: Found up-to-date module file ../../../Engine/Plugins/Developer/UObjectPlugin/Binaries/Win64/UE4Editor-UObjectPlugin.dll (API version 3944462).
LogModuleManager: Display: Found up-to-date module file ../../../Engine/Plugins/Developer/VisualStudioCodeSourceCodeAccess/Binaries/Win64/UE4Editor-VisualStudioCodeSourceCodeAccess.dll (API version 3944462).
LogModuleManager: Display: Found up-to-date module file ../../../Engine/Plugins/Developer/VisualStudioSourceCodeAccess/Binaries/Win64/UE4Editor-VisualStudioSourceCodeAccess.dll (API version 3944462).
LogModuleManager: Display: Found up-to-date module file ../../../Engine/Plugins/Editor/AssetManagerEditor/Binaries/Win64/UE4Editor-AssetManagerEditor.dll (API version 3944462).
LogModuleManager: Display: Found up-to-date module file ../../../Engine/Plugins/Editor/CryptoKeys/Binaries/Win64/UE4Editor-CryptoKeys.dll (API version 3944462).
LogModuleManager: Display: Found up-to-date module file ../../../Engine/Plugins/Editor/CryptoKeys/Binaries/Win64/UE4Editor-CryptoKeysOpenSSL.dll (API version 3944462).
LogModuleManager: Display: Found up-to-date module file ../../../Engine/Plugins/Editor/DataValidation/Binaries/Win64/UE4Editor-DataValidation.dll (API version 3944462).
LogModuleManager: Display: Found up-to-date module file ../../../Engine/Plugins/Editor/FacialAnimation/Binaries/Win64/UE4Editor-FacialAnimation.dll (API version 3944462).
LogModuleManager: Display: Found up-to-date module file ../../../Engine/Plugins/Editor/FacialAnimation/Binaries/Win64/UE4Editor-FacialAnimationEditor.dll (API version 3944462).
LogModuleManager: Display: Found up-to-date module file ../../../Engine/Plugins/Editor/GameplayTagsEditor/Binaries/Win64/UE4Editor-GameplayTagsEditor.dll (API version 3944462).
LogModuleManager: Display: Found up-to-date module file ../../../Engine/Plugins/Editor/MobileLauncherProfileWizard/Binaries/Win64/UE4Editor-MobileLauncherProfileWizard.dll (API version 3944462).
LogModuleManager: Display: Found up-to-date module file ../../../Engine/Plugins/Editor/PluginBrowser/Binaries/Win64/UE4Editor-PluginBrowser.dll (API version 3944462).
LogModuleManager: Display: Found up-to-date module file ../../../Engine/Plugins/Editor/SpeedTreeImporter/Binaries/Win64/UE4Editor-SpeedTreeImporter.dll (API version 3944462).
LogModuleManager: Display: Found up-to-date module file ../../../Engine/Plugins/Enterprise/DatasmithContent/Binaries/Win64/UE4Editor-DatasmithContent.dll (API version 3944462).
LogModuleManager: Display: Found up-to-date module file ../../../Engine/Plugins/Experimental/AlembicImporter/Binaries/Win64/UE4Editor-AlembicImporter.dll (API version 3944462).
LogModuleManager: Display: Found up-to-date module file ../../../Engine/Plugins/Experimental/AlembicImporter/Binaries/Win64/UE4Editor-AlembicLibrary.dll (API version 3944462).
LogModuleManager: Display: Found up-to-date module file ../../../Engine/Plugins/Experimental/CharacterAI/Binaries/Win64/UE4Editor-CharacterAI.dll (API version 3944462).
LogModuleManager: Display: Found up-to-date module file ../../../Engine/Plugins/Experimental/HTML5Networking/Binaries/Win64/UE4Editor-HTML5Networking.dll (API version 3944462).
LogModuleManager: Display: Found up-to-date module file ../../../Engine/Plugins/Media/AndroidMedia/Binaries/Win64/UE4Editor-AndroidMediaEditor.dll (API version 3944462).
LogModuleManager: Display: Found up-to-date module file ../../../Engine/Plugins/Media/AndroidMedia/Binaries/Win64/UE4Editor-AndroidMediaFactory.dll (API version 3944462).
LogModuleManager: Display: Found up-to-date module file ../../../Engine/Plugins/Media/AvfMedia/Binaries/Win64/UE4Editor-AvfMediaEditor.dll (API version 3944462).
LogModuleManager: Display: Found up-to-date module file ../../../Engine/Plugins/Media/AvfMedia/Binaries/Win64/UE4Editor-AvfMediaFactory.dll (API version 3944462).
LogModuleManager: Display: Found up-to-date module file ../../../Engine/Plugins/Media/AvfMedia/Binaries/Win64/UE4Editor-AvfMediaFactory.dll (API version 3944462).
LogModuleManager: Display: Found up-to-date module file ../../../Engine/Plugins/Media/ImgMedia/Binaries/Win64/UE4Editor-ImgMedia.dll (API version 3944462).
LogModuleManager: Display: Found up-to-date module file ../../../Engine/Plugins/Media/ImgMedia/Binaries/Win64/UE4Editor-ImgMediaEditor.dll (API version 3944462).
LogModuleManager: Display: Found up-to-date module file ../../../Engine/Plugins/Media/ImgMedia/Binaries/Win64/UE4Editor-ImgMediaFactory.dll (API version 3944462).
LogModuleManager: Display: Found up-to-date module file ../../../Engine/Plugins/Media/ImgMedia/Binaries/Win64/UE4Editor-ImgMediaFactory.dll (API version 3944462).
LogModuleManager: Display: Found up-to-date module file ../../../Engine/Plugins/Media/ImgMedia/Binaries/Win64/UE4Editor-OpenExrWrapper.dll (API version 3944462).
LogModuleManager: Display: Found up-to-date module file ../../../Engine/Plugins/Media/LinearTimecode/Binaries/Win64/UE4Editor-LinearTimecode.dll (API version 3944462).
LogModuleManager: Display: Found up-to-date module file ../../../Engine/Plugins/Media/MediaCompositing/Binaries/Win64/UE4Editor-MediaCompositing.dll (API version 3944462).
LogModuleManager: Display: Found up-to-date module file ../../../Engine/Plugins/Media/MediaCompositing/Binaries/Win64/UE4Editor-MediaCompositingEditor.dll (API version 3944462).
LogModuleManager: Display: Found up-to-date module file ../../../Engine/Plugins/Media/MediaPlayerEditor/Binaries/Win64/UE4Editor-MediaPlayerEditor.dll (API version 3944462).
LogModuleManager: Display: Found up-to-date module file ../../../Engine/Plugins/Media/WmfMedia/Binaries/Win64/UE4Editor-WmfMedia.dll (API version 3944462).
LogModuleManager: Display: Found up-to-date module file ../../../Engine/Plugins/Media/WmfMedia/Binaries/Win64/UE4Editor-WmfMediaEditor.dll (API version 3944462).
LogModuleManager: Display: Found up-to-date module file ../../../Engine/Plugins/Media/WmfMedia/Binaries/Win64/UE4Editor-WmfMediaFactory.dll (API version 3944462).
LogModuleManager: Display: Found up-to-date module file ../../../Engine/Plugins/Media/WmfMedia/Binaries/Win64/UE4Editor-WmfMediaFactory.dll (API version 3944462).
LogModuleManager: Display: Found up-to-date module file ../../../Engine/Plugins/Messaging/TcpMessaging/Binaries/Win64/UE4Editor-TcpMessaging.dll (API version 3944462).
LogModuleManager: Display: Found up-to-date module file ../../../Engine/Plugins/Messaging/UdpMessaging/Binaries/Win64/UE4Editor-UdpMessaging.dll (API version 3944462).
LogModuleManager: Display: Found up-to-date module file ../../../Engine/Plugins/MovieScene/ActorSequence/Binaries/Win64/UE4Editor-ActorSequence.dll (API version 3944462).
LogModuleManager: Display: Found up-to-date module file ../../../Engine/Plugins/MovieScene/LevelSequenceEditor/Binaries/Win64/UE4Editor-LevelSequenceEditor.dll (API version 3944462).
LogModuleManager: Display: Found up-to-date module file ../../../Engine/Plugins/MovieScene/MatineeToLevelSequence/Binaries/Win64/UE4Editor-MatineeToLevelSequence.dll (API version 3944462).
LogModuleManager: Display: Found up-to-date module file ../../../Engine/Plugins/NetcodeUnitTest/NetcodeUnitTest/Binaries/Win64/UE4Editor-NetcodeUnitTest.dll (API version 3944462).
LogModuleManager: Display: Found up-to-date module file ../../../Engine/Plugins/NetcodeUnitTest/NUTUnrealEngine4/Binaries/Win64/UE4Editor-NUTUnrealEngine4.dll (API version 3944462).
LogModuleManager: Display: Found up-to-date module file ../../../Engine/Plugins/Online/OnlineSubsystem/Binaries/Win64/UE4Editor-OnlineSubsystem.dll (API version 3944462).
LogModuleManager: Display: Found up-to-date module file ../../../Engine/Plugins/Runtime/AndroidPermission/Binaries/Win64/UE4Editor-AndroidPermission.dll (API version 3944462).
LogModuleManager: Display: Found up-to-date module file ../../../Engine/Plugins/Online/OnlineSubsystemNull/Binaries/Win64/UE4Editor-OnlineSubsystemNull.dll (API version 3944462).
LogModuleManager: Display: Found up-to-date module file ../../../Engine/Plugins/Online/OnlineSubsystemUtils/Binaries/Win64/UE4Editor-OnlineSubsystemUtils.dll (API version 3944462).
LogModuleManager: Display: Found up-to-date module file ../../../Engine/Plugins/Online/OnlineSubsystemUtils/Binaries/Win64/UE4Editor-OnlineBlueprintSupport.dll (API version 3944462).
LogModuleManager: Display: Found up-to-date module file ../../../Engine/Plugins/Runtime/AndroidDeviceProfileSelector/Binaries/Win64/UE4Editor-AndroidDeviceProfileSelector.dll (API version 3944462).
LogModuleManager: Display: Found up-to-date module file ../../../Engine/Plugins/Runtime/AppleARKit/Binaries/Win64/UE4Editor-AppleARKit.dll (API version 3944462).
LogModuleManager: Display: Found up-to-date module file ../../../Engine/Plugins/Runtime/ProceduralMeshComponent/Binaries/Win64/UE4Editor-ProceduralMeshComponent.dll (API version 3944462).
LogModuleManager: Display: Found up-to-date module file ../../../Engine/Plugins/Runtime/ProceduralMeshComponent/Binaries/Win64/UE4Editor-ProceduralMeshComponentEditor.dll (API version 3944462).
LogModuleManager: Display: Found up-to-date module file ../../../Engine/Plugins/Animation/LiveLink/Binaries/Win64/UE4Editor-LiveLink.dll (API version 3944462).
LogModuleManager: Display: Found up-to-date module file ../../../Engine/Plugins/Animation/LiveLink/Binaries/Win64/UE4Editor-LiveLinkEditor.dll (API version 3944462).
LogModuleManager: Display: Found up-to-date module file ../../../Engine/Plugins/Runtime/ArchVisCharacter/Binaries/Win64/UE4Editor-ArchVisCharacter.dll (API version 3944462).
LogModuleManager: Display: Found up-to-date module file ../../../Engine/Plugins/Runtime/AudioCapture/Binaries/Win64/UE4Editor-AudioCapture.dll (API version 3944462).
LogModuleManager: Display: Found up-to-date module file ../../../Engine/Plugins/Runtime/AudioCapture/Binaries/Win64/UE4Editor-AudioCaptureEditor.dll (API version 3944462).
LogModuleManager: Display: Found up-to-date module file ../../../Engine/Plugins/Runtime/CableComponent/Binaries/Win64/UE4Editor-CableComponent.dll (API version 3944462).
LogModuleManager: Display: Found up-to-date module file ../../../Engine/Plugins/Runtime/CustomMeshComponent/Binaries/Win64/UE4Editor-CustomMeshComponent.dll (API version 3944462).
LogModuleManager: Display: Found up-to-date module file ../../../Engine/Plugins/Runtime/ExampleDeviceProfileSelector/Binaries/Win64/UE4Editor-ExampleDeviceProfileSelector.dll (API version 3944462).
LogModuleManager: Display: Found up-to-date module file ../../../Engine/Plugins/Runtime/ImmediatePhysics/Binaries/Win64/UE4Editor-ImmediatePhysics.dll (API version 3944462).
LogModuleManager: Display: Found up-to-date module file ../../../Engine/Plugins/Runtime/ImmediatePhysics/Binaries/Win64/UE4Editor-ImmediatePhysicsEditor.dll (API version 3944462).
LogModuleManager: Display: Found up-to-date module file ../../../Engine/Plugins/Runtime/LocationServicesBPLibrary/Binaries/Win64/UE4Editor-LocationServicesBPLibrary.dll (API version 3944462).
LogModuleManager: Display: Found up-to-date module file ../../../Engine/Plugins/Runtime/MobilePatchingUtils/Binaries/Win64/UE4Editor-MobilePatchingUtils.dll (API version 3944462).
LogModuleManager: Display: Found up-to-date module file ../../../Engine/Plugins/Runtime/Oculus/OculusVR/Binaries/Win64/UE4Editor-OculusHMD.dll (API version 3944462).
LogModuleManager: Display: Found up-to-date module file ../../../Engine/Plugins/Runtime/Oculus/OculusVR/Binaries/Win64/UE4Editor-OculusInput.dll (API version 3944462).
LogModuleManager: Display: Found up-to-date module file ../../../Engine/Plugins/Runtime/Oculus/OculusVR/Binaries/Win64/UE4Editor-OculusEditor.dll (API version 3944462).
LogModuleManager: Display: Found up-to-date module file ../../../Engine/Plugins/Runtime/PhysXVehicles/Binaries/Win64/UE4Editor-PhysXVehicles.dll (API version 3944462).
LogModuleManager: Display: Found up-to-date module file ../../../Engine/Plugins/Runtime/PhysXVehicles/Binaries/Win64/UE4Editor-PhysXVehiclesEditor.dll (API version 3944462).
LogModuleManager: Display: Found up-to-date module file ../../../Engine/Plugins/Runtime/RuntimePhysXCooking/Binaries/Win64/UE4Editor-RuntimePhysXCooking.dll (API version 3944462).
LogModuleManager: Display: Found up-to-date module file ../../../Engine/Plugins/Runtime/Steam/SteamVR/Binaries/Win64/UE4Editor-SteamVR.dll (API version 3944462).
LogModuleManager: Display: Found up-to-date module file ../../../Engine/Plugins/Runtime/Steam/SteamVR/Binaries/Win64/UE4Editor-SteamVRController.dll (API version 3944462).
LogModuleManager: Display: Found up-to-date module file ../../../Engine/Plugins/Runtime/WindowsMoviePlayer/Binaries/Win64/UE4Editor-WindowsMoviePlayer.dll (API version 3944462).
LogPluginManager: Mounting plugin Paper2D
LogPluginManager: Mounting plugin LiveLink
LogPluginManager: Mounting plugin LightPropagationVolume
LogPluginManager: Mounting plugin CLionSourceCodeAccess
LogPluginManager: Mounting plugin CodeLiteSourceCodeAccess
LogPluginManager: Mounting plugin GitSourceControl
LogPluginManager: Mounting plugin KDevelopSourceCodeAccess
LogPluginManager: Mounting plugin NullSourceCodeAccess
LogPluginManager: Mounting plugin PerforceSourceControl
LogPluginManager: Mounting plugin SubversionSourceControl
LogPluginManager: Mounting plugin UObjectPlugin
LogPluginManager: Mounting plugin VisualStudioCodeSourceCodeAccess
LogPluginManager: Mounting plugin VisualStudioSourceCodeAccess
LogPluginManager: Mounting plugin XCodeSourceCodeAccess
LogPluginManager: Mounting plugin AssetManagerEditor
LogPluginManager: Mounting plugin CryptoKeys
LogPluginManager: Mounting plugin DataValidation
LogPluginManager: Mounting plugin FacialAnimation
LogPluginManager: Mounting plugin GameplayTagsEditor
LogPluginManager: Mounting plugin MobileLauncherProfileWizard
LogPluginManager: Mounting plugin PluginBrowser
LogPluginManager: Mounting plugin SpeedTreeImporter
LogPluginManager: Mounting plugin DatasmithContent
LogPluginManager: Mounting plugin AlembicImporter
LogPluginManager: Mounting plugin CharacterAI
LogPluginManager: Mounting plugin HTML5Networking
LogPluginManager: Mounting plugin AndroidMedia
LogPluginManager: Mounting plugin AvfMedia
LogPluginManager: Mounting plugin ImgMedia
LogPluginManager: Mounting plugin LinearTimecode
LogPluginManager: Mounting plugin MediaCompositing
LogPluginManager: Mounting plugin MediaPlayerEditor
LogPluginManager: Mounting plugin WmfMedia
LogPluginManager: Mounting plugin TcpMessaging
LogPluginManager: Mounting plugin UdpMessaging
LogPluginManager: Mounting plugin ActorSequence
LogPluginManager: Mounting plugin LevelSequenceEditor
LogPluginManager: Mounting plugin MatineeToLevelSequence
LogPluginManager: Mounting plugin NetcodeUnitTest
LogPluginManager: Mounting plugin NUTUnrealEngine4
LogPluginManager: Mounting plugin OnlineSubsystemGooglePlay
LogPluginManager: Mounting plugin OnlineSubsystemIOS
LogPluginManager: Mounting plugin OnlineSubsystem
LogPluginManager: Mounting plugin OnlineSubsystemNull
LogPluginManager: Mounting plugin OnlineSubsystemUtils
LogPluginManager: Mounting plugin AndroidDeviceProfileSelector
LogPluginManager: Mounting plugin AndroidMoviePlayer
LogPluginManager: Mounting plugin AndroidPermission
LogPluginManager: Mounting plugin AppleARKit
LogPluginManager: Mounting plugin AppleMoviePlayer
LogPluginManager: Mounting plugin ArchVisCharacter
LogPluginManager: Mounting plugin AudioCapture
LogPluginManager: Mounting plugin CableComponent
LogPluginManager: Mounting plugin CustomMeshComponent
LogPluginManager: Mounting plugin ExampleDeviceProfileSelector
LogPluginManager: Mounting plugin GoogleCloudMessaging
LogPluginManager: Mounting plugin ImmediatePhysics
LogPluginManager: Mounting plugin IOSDeviceProfileSelector
LogPluginManager: Mounting plugin LinuxDeviceProfileSelector
LogPluginManager: Mounting plugin LocationServicesBPLibrary
LogPluginManager: Mounting plugin MobilePatchingUtils
LogPluginManager: Mounting plugin OculusVR
LogPluginManager: Plugin shader directory ../../../Engine/Plugins/Runtime/Oculus/OculusVR/Shaders found
LogPluginManager: Mapping shader source directory ../../../Engine/Plugins/Runtime/Oculus/OculusVR/Shaders to virtual directory /Plugin/OculusVR
LogPluginManager: Mounting plugin PhysXVehicles
LogPluginManager: Mounting plugin ProceduralMeshComponent
LogPluginManager: Mounting plugin RuntimePhysXCooking
LogPluginManager: Mounting plugin SteamVR
LogPluginManager: Mounting plugin WindowsMoviePlayer
LogStreaming: Display: Took  0.575s to configure plugins.
LogInit: Using libcurl 7.47.1
LogInit:  - built for x86_64-pc-win32
LogInit:  - supports SSL with OpenSSL/1.0.2g
LogInit:  - supports HTTP deflate (compression) using libz 1.2.8
LogInit:  - other features:
LogInit:      CURL_VERSION_SSL
LogInit:      CURL_VERSION_LIBZ
LogInit:      CURL_VERSION_IPV6
LogInit:      CURL_VERSION_ASYNCHDNS
LogInit:      CURL_VERSION_LARGEFILE
LogInit:      CURL_VERSION_IDN
LogInit:  CurlRequestOptions (configurable via config and command line):
LogInit:  - bVerifyPeer = false  - Libcurl will NOT verify peer certificate
LogInit:  - bUseHttpProxy = false  - Libcurl will NOT use HTTP proxy
LogInit:  - bDontReuseConnections = false  - Libcurl will reuse connections
LogInit:  - CertBundlePath = nullptr  - Libcurl will use whatever was configured at build time.
LogInit:  - MaxHostConnections = 16  - Libcurl will limit the number of connections to a host
LogInit:  - LocalHostAddr = Default
LogInit: WinSock: version 1.1 (2.2), MaxSocks=32767, MaxUdp=65467
LogInit: WinSock: I am PCCG-PC (192.168.0.14:0)
LogInit: Build: ++UE4+Release-4.19-CL-3944462
LogInit: Engine Version: 4.19.0-3944462+++UE4+Release-4.19
LogInit: Compatible Engine Version: 4.19.0-3944462+++UE4+Release-4.19
LogInit: Net CL: 3944462
LogDevObjectVersion: Number of dev versions registered: 18
LogDevObjectVersion:   Dev-Blueprints (B0D832E4-1F89-4F0D-ACCF-7EB736FD4AA2): 10
LogDevObjectVersion:   Dev-Build (E1C64328-A22C-4D53-A36C-8E866417BD8C): 0
LogDevObjectVersion:   Dev-Core (375EC13C-06E4-48FB-B500-84F0262A717E): 2
LogDevObjectVersion:   Dev-Editor (E4B068ED-F494-42E9-A231-DA0B2E46BB41): 23
LogDevObjectVersion:   Dev-Framework (CFFC743F-43B0-4480-9391-14DF171D2073): 33
LogDevObjectVersion:   Dev-Mobile (B02B49B5-BB20-44E9-A304-32B752E40360): 2
LogDevObjectVersion:   Dev-Networking (A4E4105C-59A1-49B5-A7C5-40C4547EDFEE): 0
LogDevObjectVersion:   Dev-Online (39C831C9-5AE6-47DC-9A44-9C173E1C8E7C): 0
LogDevObjectVersion:   Dev-Physics (78F01B33-EBEA-4F98-B9B4-84EACCB95AA2): 0
LogDevObjectVersion:   Dev-Platform (6631380F-2D4D-43E0-8009-CF276956A95A): 0
LogDevObjectVersion:   Dev-Rendering (12F88B9F-8875-4AFC-A67C-D90C383ABD29): 25
LogDevObjectVersion:   Dev-Sequencer (7B5AE74C-D270-4C10-A958-57980B212A5A): 6
LogDevObjectVersion:   Dev-VR (D7296918-1DD6-4BDD-9DE2-64A83CC13884): 1
LogDevObjectVersion:   Dev-LoadTimes (C2A15278-BFE7-4AFE-6C17-90FF531DF755): 1
LogDevObjectVersion:   Private-Geometry (6EACA3D4-40EC-4CC1-B786-8BED09428FC5): 2
LogDevObjectVersion:   Dev-AnimPhys (29E575DD-E0A3-4627-9D10-D276232CDCEA): 16
LogDevObjectVersion:   Dev-ReflectionCapture (6B266CEC-1EC7-4B8F-A30B-E4D90942FC07): 1
LogDevObjectVersion:   Dev-Automation (0DF73D61-A23F-47EA-B727-89E90C41499A): 1
LogInit: Compiled (64-bit): Mar 13 2018 23:12:32
LogInit: Compiled with Visual C++: 19.00.24215.01
LogInit: Build Configuration: Development
LogInit: Branch Name: ++UE4+Release-4.19
LogInit: Command Line: -EpicPortal
LogInit: Base Directory: D:/Unreal/UE_4.19/Engine/Binaries/Win64/
LogInit: Installed Engine Build: 1
LogStreaming: Display: Took  0.000s to delete old logs.
LogInit: Presizing for max 8388607 objects, including 0 objects not considered by GC, pre-allocating 0 bytes for permanent pool.
LogInit: Object subsystem initialized
[2018.03.24-03.50.10:234][  0]LogInit: Selected Device Profile: [Windows]
[2018.03.24-03.50.10:234][  0]LogInit: Applying CVar settings loaded from the selected device profile: [Windows]
[2018.03.24-03.50.10:241][  0]LogInit: Computer: PCCG-PC
[2018.03.24-03.50.10:242][  0]LogInit: User: User
[2018.03.24-03.50.10:242][  0]LogInit: CPU Page size=4096, Cores=4
[2018.03.24-03.50.10:242][  0]LogInit: High frequency timer resolution =4.101558 MHz
[2018.03.24-03.50.10:242][  0]LogMemory: Memory total: Physical=16.0GB (16GB approx)
[2018.03.24-03.50.10:242][  0]LogMemory: Platform Memory Stats for Windows
[2018.03.24-03.50.10:242][  0]LogMemory: Process Physical Memory: 277.87 MB used, 277.87 MB peak
[2018.03.24-03.50.10:242][  0]LogMemory: Process Virtual Memory: 276.89 MB used, 276.89 MB peak
[2018.03.24-03.50.10:242][  0]LogMemory: Physical Memory: 5243.55 MB used,  11096.24 MB free, 16339.79 MB total
[2018.03.24-03.50.10:242][  0]LogMemory: Virtual Memory: 710.30 MB used,  11096.24 MB free, 134217728.00 MB total
[2018.03.24-03.50.10:421][  0]LogInit: Using OS detected language (en-US).
[2018.03.24-03.50.10:421][  0]LogInit: Using OS detected locale (en-US).
[2018.03.24-03.50.10:425][  0]LogTextLocalizationManager: No specific localization for 'en-US' exists, so the 'en' localization will be used.
[2018.03.24-03.50.10:730][  0]LogStreaming: Display: Took  0.309s to EndInitTextLocalization.
[2018.03.24-03.50.10:730][  0]LogInit: Setting process to per monitor DPI aware
[2018.03.24-03.50.10:754][  0]LogSlate: New Slate User Created.  User Index 0, Is Virtual User: 0
[2018.03.24-03.50.10:754][  0]LogSlate: Slate User Registered.  User Index 0, Is Virtual User: 0
[2018.03.24-03.50.11:055][  0]LogD3D11RHI: D3D11 adapters:
[2018.03.24-03.50.11:103][  0]LogD3D11RHI:    0. 'NVIDIA GeForce GTX 1080' (Feature Level 11_0)
[2018.03.24-03.50.11:103][  0]LogD3D11RHI:       8086/0/8169 MB DedicatedVideo/DedicatedSystem/SharedSystem, Outputs:2, VendorId:0x10de
[2018.03.24-03.50.11:105][  0]LogD3D11RHI:    1. 'Microsoft Basic Render Driver' (Feature Level 11_0)
[2018.03.24-03.50.11:105][  0]LogD3D11RHI:       0/0/8169 MB DedicatedVideo/DedicatedSystem/SharedSystem, Outputs:0, VendorId:0x1414
[2018.03.24-03.50.11:105][  0]LogD3D11RHI: Chosen D3D11 Adapter: 0
[2018.03.24-03.50.11:110][  0]LogD3D11RHI: Creating new Direct3DDevice
[2018.03.24-03.50.11:110][  0]LogD3D11RHI:     GPU DeviceId: 0x1b80 (for the marketing name, search the web for "GPU Device Id")
[2018.03.24-03.50.11:110][  0]LogWindows: EnumDisplayDevices:
[2018.03.24-03.50.11:110][  0]LogWindows:    0. 'NVIDIA GeForce GTX 1080' (P:0 D:1)
[2018.03.24-03.50.11:110][  0]LogWindows:    1. 'NVIDIA GeForce GTX 1080' (P:1 D:1)
[2018.03.24-03.50.11:110][  0]LogWindows:    2. 'NVIDIA GeForce GTX 1080' (P:0 D:0)
[2018.03.24-03.50.11:110][  0]LogWindows:    3. 'NVIDIA GeForce GTX 1080' (P:0 D:0)
[2018.03.24-03.50.11:110][  0]LogWindows: DebugString: GetVideoDriverDetailsInvalid PrimaryIsNotTheChoosenAdapter GetVideoDriverDetailsInvalid PrimaryIsNotTheChoosenAdapter GetVideoDriverDetailsInvalid PrimaryIsNotTheChoosenAdapter GetVideoDriverDetailsInvalid PrimaryIsNotTheChoosenAdapter FoundDriverCount:0 
[2018.03.24-03.50.11:110][  0]LogD3D11RHI:     Adapter Name: NVIDIA GeForce GTX 1080
[2018.03.24-03.50.11:110][  0]LogD3D11RHI:   Driver Version: Unknown (internal:Unknown, unified:Unknown)
[2018.03.24-03.50.11:110][  0]LogD3D11RHI:      Driver Date: Unknown
[2018.03.24-03.50.11:110][  0]LogRHI: Texture pool is 5660 MB (70% of 8086 MB)
[2018.03.24-03.50.11:128][  0]LogD3D11RHI: [Aftermath] Aftermath enabled but failed to initialize
[2018.03.24-03.50.11:128][  0]LogD3D11RHI: Async texture creation enabled
[2018.03.24-03.50.11:141][  0]LogD3D11RHI: GPU Timing Frequency: 1000.000000 (Debug: 2 1)
[2018.03.24-03.50.11:238][  0]LogShaderCompilers: Guid format shader working directory is -19 characters bigger than the processId version (C:/Users/User/Documents/GitHub/GDS220OneHappyFamily/Control 4.19/Intermediate/Shaders/WorkingDirectory/1096/).
[2018.03.24-03.50.11:238][  0]LogShaderCompilers: Cleaned the shader compiler working directory 'C:/Users/User/AppData/Local/Temp/UnrealShaderWorkingDir/376A3B474C7538FCD5EB04A38FCDB51B/'.
[2018.03.24-03.50.11:418][  0]LogTemp: Display: Loaded TP AllDesktopTargetPlatform
[2018.03.24-03.50.11:428][  0]LogTemp: Display: Loaded TP MacClientTargetPlatform
[2018.03.24-03.50.11:439][  0]LogTemp: Display: Loaded TP MacNoEditorTargetPlatform
[2018.03.24-03.50.11:449][  0]LogTemp: Display: Loaded TP MacServerTargetPlatform
[2018.03.24-03.50.11:460][  0]LogTemp: Display: Loaded TP MacTargetPlatform
[2018.03.24-03.50.11:470][  0]LogTemp: Display: Loaded TP WindowsClientTargetPlatform
[2018.03.24-03.50.11:481][  0]LogTemp: Display: Loaded TP WindowsNoEditorTargetPlatform
[2018.03.24-03.50.11:491][  0]LogTemp: Display: Loaded TP WindowsServerTargetPlatform
[2018.03.24-03.50.11:496][  0]LogTemp: Display: Loaded TP WindowsTargetPlatform
[2018.03.24-03.50.11:506][  0]LogTemp: Display: Loaded TP Android_ASTCTargetPlatform
[2018.03.24-03.50.11:516][  0]LogTemp: Display: Loaded TP Android_ATCTargetPlatform
[2018.03.24-03.50.11:526][  0]LogTemp: Display: Loaded TP Android_DXTTargetPlatform
[2018.03.24-03.50.11:536][  0]LogTemp: Display: Loaded TP Android_ETC1aTargetPlatform
[2018.03.24-03.50.11:546][  0]LogTemp: Display: Loaded TP Android_ETC1TargetPlatform
[2018.03.24-03.50.11:556][  0]LogTemp: Display: Loaded TP Android_ETC2TargetPlatform
[2018.03.24-03.50.11:576][  0]LogTemp: Display: Loaded TP Android_MultiTargetPlatform
[2018.03.24-03.50.11:576][  0]LogTemp: Display: Loaded TP Android_PVRTCTargetPlatform
[2018.03.24-03.50.11:587][  0]LogTemp: Display: Loaded TP AndroidTargetPlatform
[2018.03.24-03.50.11:588][  0]LogTemp: Display: Loaded TP HTML5TargetPlatform
[2018.03.24-03.50.11:621][  0]LogTemp: Display: Loaded TP IOSTargetPlatform
[2018.03.24-03.50.11:630][  0]LogTemp: Display: Loaded TP TVOSTargetPlatform
[2018.03.24-03.50.11:640][  0]LogTemp: Display: Loaded TP LinuxClientTargetPlatform
[2018.03.24-03.50.11:650][  0]LogTemp: Display: Loaded TP LinuxNoEditorTargetPlatform
[2018.03.24-03.50.11:660][  0]LogTemp: Display: Loaded TP LinuxServerTargetPlatform
[2018.03.24-03.50.11:670][  0]LogTemp: Display: Loaded TP LinuxTargetPlatform
[2018.03.24-03.50.11:670][  0]LogTargetPlatformManager: Display: Building Assets For Windows
[2018.03.24-03.50.11:741][  0]LogXGEController: Cleaning working directory: C:/Users/User/AppData/Local/Temp/UnrealXGEWorkingDir/
[2018.03.24-03.50.11:741][  0]LogXGEController: Cannot use XGE Controller as Incredibuild is not installed on this machine.
[2018.03.24-03.50.11:741][  0]LogShaderCompilers: Cannot use XGE Shader Compiler as Incredibuild is not installed on this machine.
[2018.03.24-03.50.11:741][  0]LogShaderCompilers: Display: Using Local Shader Compiler.
[2018.03.24-03.50.12:250][  0]LogDerivedDataCache: Display: Max Cache Size: 512 MB
[2018.03.24-03.50.12:300][  0]LogDerivedDataCache: Loaded boot cache 0.05s 74MB C:/Users/User/AppData/Local/UnrealEngine/4.19/DerivedDataCache/Boot.ddc.
[2018.03.24-03.50.12:300][  0]LogDerivedDataCache: Display: Loaded Boot cache: C:/Users/User/AppData/Local/UnrealEngine/4.19/DerivedDataCache/Boot.ddc
[2018.03.24-03.50.12:301][  0]LogDerivedDataCache: FDerivedDataBackendGraph:  Pak pak cache file C:/Users/User/Documents/GitHub/GDS220OneHappyFamily/Control 4.19/DerivedDataCache/DDC.ddp not found, will not use a pak cache.
[2018.03.24-03.50.12:301][  0]LogDerivedDataCache: Unable to find inner node Pak for hierarchical cache Hierarchy.
[2018.03.24-03.50.12:301][  0]LogDerivedDataCache: FDerivedDataBackendGraph:  CompressedPak pak cache file C:/Users/User/Documents/GitHub/GDS220OneHappyFamily/Control 4.19/DerivedDataCache/Compressed.ddp not found, will not use a pak cache.
[2018.03.24-03.50.12:301][  0]LogDerivedDataCache: Unable to find inner node CompressedPak for hierarchical cache Hierarchy.
[2018.03.24-03.50.12:312][  0]LogDerivedDataCache: Display: Pak cache opened for reading ../../../Engine/DerivedDataCache/Compressed.ddp.
[2018.03.24-03.50.12:324][  0]LogDerivedDataCache: Using Local data cache path C:/Users/User/AppData/Local/UnrealEngine/Common/DerivedDataCache: Writable
[2018.03.24-03.50.12:335][  0]LogMaterial: Verifying Global Shaders for PCD3D_SM5
[2018.03.24-03.50.12:336][  0]LogSlate: Using Freetype 2.6.0
[2018.03.24-03.50.12:336][  0]LogSlate: SlateFontCache - WITH_FREETYPE: 1, WITH_HARFBUZZ: 1
[2018.03.24-03.50.12:336][  0]LogSlate: SlateFontCache - WITH_FREETYPE: 1, WITH_HARFBUZZ: 1
[2018.03.24-03.50.12:474][  0]LogAssetRegistry: FAssetRegistry took 0.0251 seconds to start up
[2018.03.24-03.50.12:702][  0]LogInit: Selected Device Profile: [Windows]
[2018.03.24-03.50.12:806][  0]LogSimplygon: Simplygon DLL not present - disabling.
[2018.03.24-03.50.12:807][  0]LogMeshReduction: Using SimplygonSwarm for distributed automatic mesh merging
[2018.03.24-03.50.12:807][  0]LogMeshReduction: Using QuadricMeshReduction for automatic static mesh reduction
[2018.03.24-03.50.12:807][  0]LogMeshReduction: No automatic skeletal mesh reduction module available
[2018.03.24-03.50.12:807][  0]LogMeshReduction: No automatic mesh merging module available
[2018.03.24-03.50.12:807][  0]LogMeshMerging: No automatic mesh merging module available
[2018.03.24-03.50.12:830][  0]LogNetVersion: Control , NetCL: 3944462, EngineNetVer: 2, GameNetVer: 0 (Checksum: 605790990)
[2018.03.24-03.50.13:166][  0]LogPackageLocalizationCache: Processed 9 localized package path(s) for 2 prioritized culture(s) in 0.057908 seconds
[2018.03.24-03.50.13:171][  0]LogUObjectArray: 36728 objects as part of root set at end of initial load.
[2018.03.24-03.50.13:171][  0]LogUObjectAllocator: 7314304 out of 0 bytes used by permanent object pool.
[2018.03.24-03.50.13:171][  0]LogUObjectArray: CloseDisregardForGC: 0/0 objects in disregard for GC pool
[2018.03.24-03.50.14:782][  0]LogTcpMessaging: Initializing TcpMessaging bridge
[2018.03.24-03.50.14:805][  0]LogUdpMessaging: Initializing bridge on interface 0.0.0.0:0 to multicast group 230.0.0.1:6666.
[2018.03.24-03.50.15:049][  0]SourceControl: Source control is disabled
[2018.03.24-03.50.15:049][  0]SourceControl: Source control is disabled
[2018.03.24-03.50.15:060][  0]SourceControl: Source control is disabled
[2018.03.24-03.50.15:071][  0]SourceControl: Source control is disabled
[2018.03.24-03.50.15:401][  0]LogAndroidPermission: UAndroidPermissionCallbackProxy::GetInstance
[2018.03.24-03.50.15:523][  0]LogOcInput: OculusInput pre-init called
[2018.03.24-03.50.15:599][  0]LogEngine: Initializing Engine...
[2018.03.24-03.50.15:603][  0]LogHMD: Failed to initialize OpenVR with code 105
[2018.03.24-03.50.15:604][  0]LogStats: UGameplayTagsManager::ConstructGameplayTagTree: Construct from data asset -  0.000 s
[2018.03.24-03.50.15:604][  0]LogStats: UGameplayTagsManager::ConstructGameplayTagTree: GameplayTagTreeChangedEvent.Broadcast -  0.000 s
[2018.03.24-03.50.15:768][  0]LogAIModule: Creating AISystem for world Untitled
[2018.03.24-03.50.15:784][  0]LogInit: XAudio2 using 'Speakers (Realtek High Definition Audio)' : 6 channels at 48 kHz using 32 bits per sample (channel mask 0x3f)
[2018.03.24-03.50.15:811][  0]LogInit: FAudioDevice initialized.
[2018.03.24-03.50.15:876][  0]LogDerivedDataCache: Saved boot cache 0.06s 74MB C:/Users/User/AppData/Local/UnrealEngine/4.19/DerivedDataCache/Boot.ddc.
[2018.03.24-03.50.15:883][  0]LogInit: Texture streaming: Enabled
[2018.03.24-03.50.15:894][  0]LogEngineSessionManager: EngineSessionManager initialized
[2018.03.24-03.50.15:904][  0]LogEngineSessionManager: EngineSessionManager sent abnormal shutdown report. Type=Crashed, SessionId={B37A25E6-49F4-25D3-67A9-F78A90F67368}
[2018.03.24-03.50.15:912][  0]LogInit: Transaction tracking system initialized
[2018.03.24-03.50.15:926][  0]BlueprintLog: New page: Editor Load
[2018.03.24-03.50.15:971][  0]LocalizationService: Localization service is disabled
[2018.03.24-03.50.16:040][  0]LogConsoleResponse: Display: 
[2018.03.24-03.50.16:156][  0]LogCook: Display: Max memory allowance for cook 16384mb min free memory 0mb
[2018.03.24-03.50.16:156][  0]LogCook: Display: Mobile HDR setting 1
[2018.03.24-03.50.16:156][  0]LogGameplayTags: Display: UGameplayTagsManager::DoneAddingNativeTags. DelegateIsBound: 0
[2018.03.24-03.50.16:156][  0]LogStats: UGameplayTagsManager::ConstructGameplayTagTree: Construct from data asset -  0.000 s
[2018.03.24-03.50.16:156][  0]LogStats: UGameplayTagsManager::ConstructGameplayTagTree: GameplayTagTreeChangedEvent.Broadcast -  0.000 s
[2018.03.24-03.50.16:388][  0]LogFileCache: Scanning file cache for directory 'C:/Users/User/Documents/GitHub/GDS220OneHappyFamily/Control 4.19/Content/' took 0.01s
[2018.03.24-03.50.16:388][  0]SourceControl: Source control is disabled
[2018.03.24-03.50.16:482][  0]LogWindowsTextInputMethodSystem: Display: IME system now deactivated.
[2018.03.24-03.50.16:508][  0]LogSlate: Took 0.000427 seconds to synchronously load lazily loaded font '../../../Engine/Content/Slate/Fonts/Roboto-Regular.ttf' (155K)
[2018.03.24-03.50.22:226][  0]LogSlate: Window 'Restore Packages' being destroyed
[2018.03.24-03.50.22:227][  0]LogWindowsTextInputMethodSystem: Display: IME system now deactivated.
[2018.03.24-03.50.22:229][  0]LogWindowsTextInputMethodSystem: Display: IME system now deactivated.
[2018.03.24-03.50.23:427][  0]LogSlate: Window 'Unable to Check Out From Source Control!' being destroyed
[2018.03.24-03.50.23:428][  0]LogWindowsTextInputMethodSystem: Display: IME system now deactivated.
[2018.03.24-03.50.23:429][  0]LogWindowsTextInputMethodSystem: Display: IME system now deactivated.
[2018.03.24-03.50.23:436][  0]Cmd: MAP LOAD FILE="C:/Users/User/Documents/GitHub/GDS220OneHappyFamily/Control 4.19/Content/SideScrollerBP/Maps/SideScrollerExampleMap.umap" TEMPLATE=0 SHOWPROGRESS=1 FEATURELEVEL=3
[2018.03.24-03.50.23:437][  0]LightingResults: New page: Lighting Build
[2018.03.24-03.50.23:439][  0]MapCheck: New page: Map Check
[2018.03.24-03.50.23:439][  0]LightingResults: New page: Lighting Build
[2018.03.24-03.50.23:669][  0]LogSkeletalMesh: Skeletal Mesh found in DDC [9.473717ms] /Game/Mannequin/Character/Mesh/SK_Mannequin.SK_Mannequin
[2018.03.24-03.50.23:764][  0]LogAIModule: Creating AISystem for world SideScrollerExampleMap
[2018.03.24-03.50.23:774][  0]LogEditorServer: Finished looking for orphan Actors (0.000 secs)
[2018.03.24-03.50.23:786][  0]Cmd: MAP CHECKDEP NOCLEARLOG
[2018.03.24-03.50.23:854][  0]MapCheck: Map check complete: 0 Error(s), 0 Warning(s), took 67.9ms to complete.
[2018.03.24-03.50.23:854][  0]LogFileHelpers: Loading map 'SideScrollerExampleMap' took 0.418
[2018.03.24-03.50.23:918][  0]LogStats: Warning: MetaData mismatch. Did you assign a stat to two groups? New //STATGROUP_Threads//SplashScreenThread///Thread_1894_0///####STATCAT_Advanced#### old //STATGROUP_Threads//SplashScreenThread///Thread_1cbc_0///####STATCAT_Advanced####
[2018.03.24-03.50.23:918][  0]LogCollectionManager: Loaded 0 collections in 0.000675 seconds
[2018.03.24-03.50.23:958][  0]LogFileCache: Scanning file cache for directory 'C:/Users/User/Documents/GitHub/GDS220OneHappyFamily/Control 4.19/Saved/Collections/' took 0.01s
[2018.03.24-03.50.23:959][  0]LogFileCache: Scanning file cache for directory 'C:/Users/User/Documents/GitHub/GDS220OneHappyFamily/Control 4.19/Content/Developers/User/Collections/' took 0.01s
[2018.03.24-03.50.23:959][  0]LogFileCache: Scanning file cache for directory 'C:/Users/User/Documents/GitHub/GDS220OneHappyFamily/Control 4.19/Content/Collections/' took 0.01s
[2018.03.24-03.50.23:959][  0]LogCollectionManager: Rebuilt the GUID cache for 0 collections in 0.000000 seconds
[2018.03.24-03.50.23:965][  0]LogContentBrowser: Native class hierarchy populated in 0.0068 seconds. Added 2452 classes and 558 folders.
[2018.03.24-03.50.23:969][  0]LogContentBrowser: Native class hierarchy updated for 'WidgetCarousel' in 0.0002 seconds. Added 0 classes and 0 folders.
[2018.03.24-03.50.24:016][  0]LogContentBrowser: Native class hierarchy updated for 'AddContentDialog' in 0.0002 seconds. Added 0 classes and 0 folders.
[2018.03.24-03.50.24:020][  0]LogContentBrowser: Native class hierarchy updated for 'SceneOutliner' in 0.0002 seconds. Added 1 classes and 2 folders.
[2018.03.24-03.50.24:033][  0]LogSlate: Took 0.000555 seconds to synchronously load lazily loaded font '../../../Engine/Content/Slate/Fonts/Roboto-Bold.ttf' (160K)
[2018.03.24-03.50.24:037][  0]LogSlate: Took 0.000450 seconds to synchronously load lazily loaded font '../../../Engine/Content/Editor/Slate/Fonts/FontAwesome.ttf' (139K)
[2018.03.24-03.50.24:117][  0]LogRenderer: Reallocating scene render targets to support 1208x576 Format 10 NumSamples 1 (Frame:1).
[2018.03.24-03.50.24:215][  0]LogContentBrowser: Native class hierarchy updated for 'HierarchicalLODOutliner' in 0.0002 seconds. Added 0 classes and 0 folders.
[2018.03.24-03.50.24:215][  0]LogLoad: (Engine Initialization) Total time: 15.55 seconds
[2018.03.24-03.50.24:215][  0]LogLoad: (Engine Initialization) Total Blueprint compile time: 0.00 seconds
[2018.03.24-03.50.24:237][  0]LogAssetRegistry: Asset discovery search completed in 11.7849 seconds
[2018.03.24-03.50.24:238][  0]LogCollectionManager: Rebuilt the object cache for 0 collections in 0.000000 seconds (found 0 objects)
[2018.03.24-03.50.24:239][  0]LogCollectionManager: Fixed up redirectors for 0 collections in 0.000034 seconds (updated 0 objects)
[2018.03.24-03.50.24:246][  0]LogContentStreaming: Texture pool size now 1000 MB
[2018.03.24-03.50.24:275][  0]LogSlate: Took 0.000513 seconds to synchronously load lazily loaded font '../../../Engine/Content/Slate/Fonts/Roboto-Light.ttf' (167K)
[2018.03.24-03.50.25:248][112]LogSlate: Took 0.000216 seconds to synchronously load lazily loaded font '../../../Engine/Content/Slate/Fonts/Roboto-Light.ttf' (167K)
[2018.03.24-03.50.27:312][357]LogSlate: FSceneViewport::OnFocusLost() reason 0
[2018.03.24-03.50.27:571][364]LogContentBrowser: Native class hierarchy updated for 'BlueprintGraph' in 0.0005 seconds. Added 116 classes and 0 folders.
[2018.03.24-03.50.28:081][364]LogSlate: Took 0.000532 seconds to synchronously load lazily loaded font '../../../Engine/Content/Slate/Fonts/Roboto-BoldCondensed.ttf' (158K)
[2018.03.24-03.50.28:164][365]LogSlate: Took 0.000538 seconds to synchronously load lazily loaded font '../../../Engine/Content/Slate/Fonts/Roboto-Italic.ttf' (157K)
[2018.03.24-03.50.29:977][560]LogSlate: Window 'SideScrollerCharacter' being destroyed
[2018.03.24-03.50.30:519][624]LogSlate: FSceneViewport::OnFocusLost() reason 0
[2018.03.24-03.50.35:726][242]LogSlate: FSceneViewport::OnFocusLost() reason 0
[2018.03.24-03.50.51:789][171]LogSlate: Window 'Message' being destroyed
[2018.03.24-03.50.55:060][559]LogEditorViewport: Clicking on Actor (LMB): StaticMeshActor (Floor)
[2018.03.24-03.51.44:476][255]LogSlate: FSceneViewport::OnFocusLost() reason 0
[2018.03.24-03.51.56:077][612]LogSlate: Window 'Source Control Login' being destroyed
[2018.03.24-03.52.10:487][ 51]Cmd: OBJ SAVEPACKAGE PACKAGE="/Game/SideScrollerBP/Audio/Erratic_Fear" FILE="C:/Users/User/Documents/GitHub/GDS220OneHappyFamily/Control 4.19/Content/SideScrollerBP/Audio/Erratic_Fear.uasset" SILENT=true
[2018.03.24-03.52.10:493][ 51]LogSavePackage: Save=1.23ms
[2018.03.24-03.52.10:493][ 51]LogSavePackage: Moving 'C:/Users/User/Documents/GitHub/GDS220OneHappyFamily/Control 4.19/Saved/Erratic_Fear156A65014CDA51A4E1244FB1279BF695.tmp' to 'C:/Users/User/Documents/GitHub/GDS220OneHappyFamily/Control 4.19/Content/SideScrollerBP/Audio/Erratic_Fear.uasset'
[2018.03.24-03.52.10:494][ 51]LogSavePackage: Display: Finished SavePackage C:/Users/User/Documents/GitHub/GDS220OneHappyFamily/Control 4.19/Content/SideScrollerBP/Audio/Erratic_Fear.uasset
[2018.03.24-03.52.15:912][700]LogEditorViewport: Clicking on Actor (LMB): BP_Sky_Sphere_C (SkySphereBlueprint)
[2018.03.24-03.52.16:520][769]LogEditorViewport: Clicking on Actor (LMB): BP_Sky_Sphere_C (SkySphereBlueprint)
[2018.03.24-03.52.16:700][789]LogEditorViewport: Clicking on Component (LMB): StaticMeshComponent (Sky Sphere mesh)
[2018.03.24-03.52.17:461][877]LogEditorViewport: Clicking on Component (LMB): StaticMeshComponent (Sky Sphere mesh)
[2018.03.24-03.52.17:906][929]LogSlate: FSceneViewport::OnFocusLost() reason 0
[2018.03.24-03.52.18:464][996]LogEditorViewport: Clicking on Actor (LMB): StaticMeshActor (Floor)
[2018.03.24-03.52.18:778][ 29]LogEditorViewport: Clicking on Component (LMB): StaticMeshComponent (StaticMeshComponent0)
[2018.03.24-03.52.19:411][102]LogEditorViewport: Clicking on Component (LMB): StaticMeshComponent (StaticMeshComponent0)
[2018.03.24-03.52.19:797][147]LogEditorViewport: Clicking on Actor (double click): StaticMeshActor (Floor)
[2018.03.24-03.52.20:167][188]LogEditorViewport: Clicking on Actor (LMB): StaticMeshActor (Floor)
[2018.03.24-03.52.20:221][193]LogEditorViewport: Clicking on Component (LMB): StaticMeshComponent (StaticMeshComponent0)
[2018.03.24-03.52.22:214][429]LogSlate: FSceneViewport::OnFocusLost() reason 0
[2018.03.24-03.52.37:462][219]LogSlate: FSceneViewport::OnFocusLost() reason 0
[2018.03.24-03.52.41:130][657]LogSlate: FSceneViewport::OnFocusLost() reason 2
[2018.03.24-03.52.44:983][118]MapCheck: New page: Map Check
[2018.03.24-03.52.45:035][118]Cmd: MAP REBUILD ALLVISIBLE
[2018.03.24-03.52.45:035][118]LogEditorServer: Rebuildmap Clear paths rebuilt
[2018.03.24-03.52.45:214][118]LogMaterial: Missing cached shader map for material FDebugViewModeMaterialProxy DefaultMaterial, compiling. 
[2018.03.24-03.52.45:220][118]LogMaterial: Missing cached shader map for material FDebugViewModeMaterialProxy AntiAliasedTextMaterialTranslucent, compiling. 
[2018.03.24-03.52.45:230][118]LogShaderCompilers: Display: Shaders left to compile 1
[2018.03.24-03.52.45:230][118]LogMaterial: Missing cached shader map for material FDebugViewModeMaterialProxy MaterialInstanceDynamic_3, compiling. 
[2018.03.24-03.52.45:234][118]LogMaterial: Missing cached shader map for material FDebugViewModeMaterialProxy TESTMAT_Floor2, compiling. 
[2018.03.24-03.52.45:238][118]LogMaterial: Missing cached shader map for material FDebugViewModeMaterialProxy CubeMaterial, compiling. 
[2018.03.24-03.52.45:242][118]LogShaderCompilers: Display: Shaders left to compile 3
[2018.03.24-03.52.45:242][118]LogShaderCompilers: Display: Shaders left to compile 2
[2018.03.24-03.52.45:242][118]LogShaderCompilers: Display: Shaders left to compile 1
[2018.03.24-03.52.45:242][118]LogMaterial: Missing cached shader map for material FDebugViewModeMaterialProxy TESTMAT_DANGER, compiling. 
[2018.03.24-03.52.45:246][118]LogMaterial: Missing cached shader map for material FDebugViewModeMaterialProxy M_UE4Man_Body, compiling. 
[2018.03.24-03.52.45:255][118]LogMaterial: Missing cached shader map for material FDebugViewModeMaterialProxy M_UE4Man_ChestLogo, compiling. 
[2018.03.24-03.52.45:261][118]LogMaterial: Missing cached shader map for material FDebugViewModeMaterialProxy MatineeCam_mat, compiling. 
[2018.03.24-03.52.45:908][118]LogShaderCompilers: Display: Shaders left to compile 5
[2018.03.24-03.52.45:908][118]LogShaderCompilers: Display: Shaders left to compile 4
[2018.03.24-03.52.45:908][118]LogShaderCompilers: Display: Shaders left to compile 3
[2018.03.24-03.52.45:908][118]LogShaderCompilers: Display: Shaders left to compile 2
[2018.03.24-03.52.45:908][118]LogShaderCompilers: Display: Shaders left to compile 1
[2018.03.24-03.52.45:908][118]TextureStreamingBuild: Display: Compiling optional shaders took 0.698 seconds.
[2018.03.24-03.52.45:961][118]LogLevel: Display: Export Material TexCoord Scales took 0.053 seconds.
[2018.03.24-03.52.45:972][118]TextureStreamingBuild: Display: Build Texture Streaming took 0.010 seconds.
[2018.03.24-03.52.45:996][118]LightingResults: New page: Lighting Build - Mar 25, 2018, 1:52:45 AM
[2018.03.24-03.52.46:085][118]LogSwarmInterface: [OpenConnection] Registering TCP channel ...
[2018.03.24-03.52.46:163][118]LogSwarmInterface: [OpenConnection] Connecting to agent ...
[2018.03.24-03.52.46:177][118]LogSwarmInterface: [TryOpenConnection] Testing the Agent
[2018.03.24-03.52.47:208][118]LogSwarmInterface: [TryOpenConnection] Opening Connection to Agent
[2018.03.24-03.52.47:208][118]LogSwarmInterface: [TryOpenConnection] Local Process ID is 1096
[2018.03.24-03.52.49:896][118]LogStaticLightingSystem: Running Lightmass w/ ImmediateImport mode ENABLED
[2018.03.24-03.52.49:896][118]LogStaticLightingSystem: Running Lightmass w/ ImmediateProcess mode ENABLED
[2018.03.24-03.52.49:896][118]LogStaticLightingSystem: Running Lightmass w/ Sorting mode ENABLED
[2018.03.24-03.52.49:896][118]LogStaticLightingSystem: Running Lightmass w/ Mapping paddings ENABLED
[2018.03.24-03.52.49:896][118]LogStaticLightingSystem: Running Lightmass w/ Mapping debug paddings DISABLED
[2018.03.24-03.52.50:027][118]Cmd: MAP CHECK DONTDISPLAYDIALOG
[2018.03.24-03.52.50:027][118]MapCheck: New page: SideScrollerExampleMap - Mar 25, 2018, 1:52:50 AM
[2018.03.24-03.52.50:168][118]MapCheck: Map check complete: 0 Error(s), 0 Warning(s), took 140.491ms to complete.
[2018.03.24-03.52.50:191][118]LogEditorBuildUtils: Build time 0:05
[2018.03.24-03.52.50:202][118]LogMaterial: Missing cached shader map for material FLightmassMaterialRenderer MaterialInstanceDynamic_3, compiling. 
[2018.03.24-03.52.50:208][118]LogMaterial: Missing cached shader map for material FLightmassMaterialRenderer MaterialInstanceDynamic_3, compiling. 
[2018.03.24-03.52.50:211][118]LogMaterial: Missing cached shader map for material FLightmassMaterialRenderer TESTMAT_Floor2, compiling. 
[2018.03.24-03.52.50:214][118]LogMaterial: Missing cached shader map for material FLightmassMaterialRenderer TESTMAT_Floor2, compiling. 
[2018.03.24-03.52.50:230][118]LogShaderCompilers: Display: Shaders left to compile 6
[2018.03.24-03.52.50:230][118]LogShaderCompilers: Display: Shaders left to compile 2
[2018.03.24-03.52.50:241][119]LogMaterial: Missing cached shader map for material FLightmassMaterialRenderer CubeMaterial, compiling. 
[2018.03.24-03.52.50:245][119]LogShaderCompilers: Display: Shaders left to compile 2
[2018.03.24-03.52.50:245][119]LogMaterial: Missing cached shader map for material FLightmassMaterialRenderer CubeMaterial, compiling. 
[2018.03.24-03.52.50:250][119]LogShaderCompilers: Display: Shaders left to compile 2
[2018.03.24-03.52.50:250][119]LogMaterial: Missing cached shader map for material FLightmassMaterialRenderer TESTMAT_DANGER, compiling. 
[2018.03.24-03.52.50:255][119]LogMaterial: Missing cached shader map for material FLightmassMaterialRenderer TESTMAT_DANGER, compiling. 
[2018.03.24-03.52.50:289][120]LogMaterial: Missing cached shader map for material FLightmassMaterialRenderer WorldGridMaterial, compiling. Is special engine material.
[2018.03.24-03.52.50:295][120]LogMaterial: Missing cached shader map for material FLightmassMaterialRenderer WorldGridMaterial, compiling. Is special engine material.
[2018.03.24-03.52.51:423][121]LogShaderCompilers: Display: Shaders left to compile 8
[2018.03.24-03.52.56:631][552]Job is a success!
[2018.03.24-03.52.56:665][553]LogSlate: FSceneViewport::OnFocusLost() reason 2
[2018.03.24-03.52.56:705][553]LogVolumetricLightmapImport: Imported Volumetric Lightmap in 0.022s
[2018.03.24-03.52.56:705][553]LogVolumetricLightmapImport:      Indirection Texture 16x16x16 = 0.0Mb
[2018.03.24-03.52.56:705][553]LogVolumetricLightmapImport:      BrickData 210x5x5 = 0.2Mb (trimmed 0.0Mb due to 0.010000 MinBrickError)
[2018.03.24-03.52.56:705][553]LogVolumetricLightmapImport:      Bricks at Level
[2018.03.24-03.52.56:705][553]LogVolumetricLightmapImport:          0: 2.4% covering 100.0% of volume
[2018.03.24-03.52.56:705][553]LogVolumetricLightmapImport:          1: 9.5% covering 6.3% of volume
[2018.03.24-03.52.56:705][553]LogVolumetricLightmapImport:          2: 88.1% covering 0.9% of volume
[2018.03.24-03.52.56:735][553]LogMaterial: Warning: Material /Game/SideScrollerBP/TEST_ASSETS/TESTMAT_Floor2.TESTMAT_Floor2 needed to have new flag set bUsedWithStaticLighting !
[2018.03.24-03.52.56:737][553]LogMaterial: Missing cached shader map for material TESTMAT_Floor2, compiling. 
[2018.03.24-03.52.56:765][553]LogShaderCompilers: Display: Shaders left to compile 31
[2018.03.24-03.52.56:766][553]LogShaderCompilers: Display: Shaders left to compile 21
[2018.03.24-03.52.56:766][553]LogShaderCompilers: Display: Shaders left to compile 11
[2018.03.24-03.52.56:766][553]LogShaderCompilers: Display: Shaders left to compile 1
[2018.03.24-03.52.56:766][553]LogMaterial: Warning: Material /Game/SideScrollerBP/TEST_ASSETS/TESTMAT_DANGER.TESTMAT_DANGER needed to have new flag set bUsedWithStaticLighting !
[2018.03.24-03.52.56:768][553]LogMaterial: Missing cached shader map for material TESTMAT_DANGER, compiling. 
[2018.03.24-03.52.56:980][553]LogShaderCompilers: Display: Shaders left to compile 31
[2018.03.24-03.52.57:620][553]LogTexture: Display: Building textures: SkyOcclusion1_1 (AutoDXT, 2048X1024)
[2018.03.24-03.52.57:620][553]LogTexture: Display: Building textures: HQ_Lightmap1_1 (AutoDXT, 2048X2048)
[2018.03.24-03.52.57:620][553]LogTexture: Display: Building textures: LQ_Lightmap_1_1 (DXT1, 2048X2048)
[2018.03.24-03.52.57:620][553]LogTexture: Display: Building textures: SkyOcclusion1_2 (AutoDXT, 64X32)
[2018.03.24-03.52.57:620][553]LogTexture: Display: Building textures: HQ_Lightmap1_2 (AutoDXT, 64X64)
[2018.03.24-03.52.57:620][553]LogTexture: Display: Building textures: LQ_Lightmap_1_2 (DXT1, 64X64)
[2018.03.24-03.52.57:796][553]Lightmass on PCCG-PC: 5.44 sec total, 78 ms importing, 2 ms setup, 1.36 sec photons, 3.97 sec processing, 0 ms extra exporting [16/16 mappings]. Threads: 27.6 sec total, 4.12 sec processing.
[2018.03.24-03.52.57:831][553]LogStaticLightingSystem: Illumination: 11.8 sec (843 ms encoding lightmaps, 123 ms encoding shadowmaps)
[2018.03.24-03.52.57:831][553]LogStaticLightingSystem: Lightmap texture memory:  10.7 MB (10.7 MB streaming, 0.0 MB non-streaming), 4 textures
[2018.03.24-03.52.57:831][553]LogStaticLightingSystem: Shadowmap texture memory: 0.0 MB (0.0 MB streaming, 0.0 MB non-streaming), 0 textures
[2018.03.24-03.52.57:899][553]DumpUnbuiltLightIteractions
[2018.03.24-03.52.57:899][553]Lights with unbuilt interactions: 0
[2018.03.24-03.52.57:899][553]
[2018.03.24-03.52.57:899][553]Primitives with unbuilt interactions: 0
[2018.03.24-03.52.57:913][553]LogSlate: FSceneViewport::OnFocusLost() reason 2
[2018.03.24-03.52.59:928][553]LogShaderCompilers: Display: Shaders left to compile 21
[2018.03.24-03.52.59:928][553]LogShaderCompilers: Display: Shaders left to compile 11
[2018.03.24-03.52.59:928][553]LogShaderCompilers: Display: Shaders left to compile 1
[2018.03.24-03.52.59:955][554]Cmd: MAP CHECK NOTIFYRESULTS
[2018.03.24-03.52.59:956][554]MapCheck: New page: SideScrollerExampleMap - Mar 25, 2018, 1:52:59 AM
[2018.03.24-03.53.00:012][554]MapCheck: Map check complete: 0 Error(s), 0 Warning(s), took 56.286ms to complete.
[2018.03.24-03.53.28:976][376]LogSlate: FSceneViewport::OnFocusLost() reason 0
[2018.03.24-03.53.31:420][376]LogSlate: FSceneViewport::OnFocusLost() reason 2
[2018.03.24-03.53.32:227][376]LogSlate: Window 'Message' being destroyed
[2018.03.24-03.53.32:234][376]LogFactory: FactoryCreateFile: FileMediaSource with WmfFileMediaSourceFactory (0 0 C:/Users/User/Documents/GitHub/GDS220OneHappyFamily/Control 4.19/Content/SideScrollerBP/Audio/Erratic Fear.mp3)
[2018.03.24-03.53.37:360][977]Cmd: OBJ SAVEPACKAGE PACKAGE="/Game/SideScrollerBP/Audio/Erratic_Fear" FILE="C:/Users/User/Documents/GitHub/GDS220OneHappyFamily/Control 4.19/Content/SideScrollerBP/Audio/Erratic_Fear.uasset" SILENT=true
[2018.03.24-03.53.37:365][977]LogSavePackage: Save=0.75ms
[2018.03.24-03.53.37:365][977]LogSavePackage: Moving 'C:/Users/User/Documents/GitHub/GDS220OneHappyFamily/Control 4.19/Saved/Erratic_Fear94E66DC04EEEA9E4CEAC3F86D5CF2068.tmp' to 'C:/Users/User/Documents/GitHub/GDS220OneHappyFamily/Control 4.19/Content/SideScrollerBP/Audio/Erratic_Fear.uasset'
[2018.03.24-03.53.37:367][977]LogSavePackage: Display: Finished SavePackage C:/Users/User/Documents/GitHub/GDS220OneHappyFamily/Control 4.19/Content/SideScrollerBP/Audio/Erratic_Fear.uasset
[2018.03.24-03.53.43:795][519]LogSlate: Window 'Save Content' being destroyed
[2018.03.24-03.53.43:973][519]LogSavePackage: Save=89.36ms
[2018.03.24-03.53.43:973][519]LogSavePackage: Moving 'C:/Users/User/Documents/GitHub/GDS220OneHappyFamily/Control 4.19/Saved/SideScrollerExampleMap7EED388E48DBFCA0559DCFB2BAEBD08C.tmp' to 'C:/Users/User/Documents/GitHub/GDS220OneHappyFamily/Control 4.19/Content/SideScrollerBP/Maps/SideScrollerExampleMap.umap'
[2018.03.24-03.53.43:976][519]LogSavePackage: Display: Finished SavePackage C:/Users/User/Documents/GitHub/GDS220OneHappyFamily/Control 4.19/Content/SideScrollerBP/Maps/SideScrollerExampleMap.umap
[2018.03.24-03.53.43:984][519]LogFileHelpers: Saving map 'SideScrollerExampleMap' took 0.172
[2018.03.24-03.53.44:128][519]LogSavePackage: Save=134.90ms
[2018.03.24-03.53.44:128][519]LogSavePackage: Moving 'C:/Users/User/Documents/GitHub/GDS220OneHappyFamily/Control 4.19/Saved/SideScrollerExampleMap_BuiltData23F9698E4C60F1B3BB42E3839D02B6E9.tmp' to 'C:/Users/User/Documents/GitHub/GDS220OneHappyFamily/Control 4.19/Content/SideScrollerBP/Maps/SideScrollerExampleMap_BuiltData.uasset'
[2018.03.24-03.53.44:130][519]LogSavePackage: Display: Finished SavePackage C:/Users/User/Documents/GitHub/GDS220OneHappyFamily/Control 4.19/Content/SideScrollerBP/Maps/SideScrollerExampleMap_BuiltData.uasset
[2018.03.24-03.53.44:166][519]LogSavePackage: Save=8.56ms
[2018.03.24-03.53.44:166][519]LogSavePackage: Moving 'C:/Users/User/Documents/GitHub/GDS220OneHappyFamily/Control 4.19/Saved/TESTMAT_DANGER0F48449B425D1B65F9DACF8FC1C565CA.tmp' to 'C:/Users/User/Documents/GitHub/GDS220OneHappyFamily/Control 4.19/Content/SideScrollerBP/TEST_ASSETS/TESTMAT_DANGER.uasset'
[2018.03.24-03.53.44:168][519]LogSavePackage: Display: Finished SavePackage C:/Users/User/Documents/GitHub/GDS220OneHappyFamily/Control 4.19/Content/SideScrollerBP/TEST_ASSETS/TESTMAT_DANGER.uasset
[2018.03.24-03.53.44:202][519]LogSavePackage: Save=8.39ms
[2018.03.24-03.53.44:202][519]LogSavePackage: Moving 'C:/Users/User/Documents/GitHub/GDS220OneHappyFamily/Control 4.19/Saved/TESTMAT_Floor20401345940667C041E7C21B63210E1CA.tmp' to 'C:/Users/User/Documents/GitHub/GDS220OneHappyFamily/Control 4.19/Content/SideScrollerBP/TEST_ASSETS/TESTMAT_Floor2.uasset'
[2018.03.24-03.53.44:204][519]LogSavePackage: Display: Finished SavePackage C:/Users/User/Documents/GitHub/GDS220OneHappyFamily/Control 4.19/Content/SideScrollerBP/TEST_ASSETS/TESTMAT_Floor2.uasset
[2018.03.24-03.56.06:866][714]LogSlate: Window 'Message' being destroyed
[2018.03.24-03.56.06:871][714]LogFactory: FactoryCreateFile: FileMediaSource with AvfFileMediaSourceFactory (0 0 C:/Users/User/Documents/GitHub/GDS220OneHappyFamily/Control 4.19/Content/SideScrollerBP/Audio/Erratic Fear.mp4)
[2018.03.24-03.56.12:364][100]LogSlate: Window 'Message' being destroyed
[2018.03.24-03.56.12:371][100]LogFactory: FactoryCreateFile: FileMediaSource with WmfFileMediaSourceFactory (0 0 C:/Users/User/Documents/GitHub/GDS220OneHappyFamily/Control 4.19/Content/SideScrollerBP/Audio/Erratic Fear.mp3)
[2018.03.24-03.56.15:903][387]LogSlate: Window 'Save Content' being destroyed
[2018.03.24-03.56.15:917][387]Cmd: OBJ SAVEPACKAGE PACKAGE="/Game/SideScrollerBP/Audio/Erratic_Fear" FILE="C:/Users/User/Documents/GitHub/GDS220OneHappyFamily/Control 4.19/Content/SideScrollerBP/Audio/Erratic_Fear.uasset" SILENT=true
[2018.03.24-03.56.15:922][387]LogSavePackage: Save=0.74ms
[2018.03.24-03.56.15:922][387]LogSavePackage: Moving 'C:/Users/User/Documents/GitHub/GDS220OneHappyFamily/Control 4.19/Saved/Erratic_FearF664303F4C89F478A89D12AA9A5344FF.tmp' to 'C:/Users/User/Documents/GitHub/GDS220OneHappyFamily/Control 4.19/Content/SideScrollerBP/Audio/Erratic_Fear.uasset'
[2018.03.24-03.56.15:925][387]LogSavePackage: Display: Finished SavePackage C:/Users/User/Documents/GitHub/GDS220OneHappyFamily/Control 4.19/Content/SideScrollerBP/Audio/Erratic_Fear.uasset
[2018.03.24-03.56.19:090][531]LogSlate: Window 'Delete Assets' being destroyed
[2018.03.24-03.56.31:068][827]LogFactory: FactoryCreateFile: FileMediaSource with AvfFileMediaSourceFactory (0 0 C:/Users/User/Documents/GitHub/GDS220OneHappyFamily/Control 4.19/Content/SideScrollerBP/Audio/Erratic Fear.mp4)
[2018.03.24-03.56.33:606][  7]LogSlate: Window 'Save Content' being destroyed
[2018.03.24-03.56.33:619][  7]Cmd: OBJ SAVEPACKAGE PACKAGE="/Game/SideScrollerBP/Audio/Erratic_Fear" FILE="C:/Users/User/Documents/GitHub/GDS220OneHappyFamily/Control 4.19/Content/SideScrollerBP/Audio/Erratic_Fear.uasset" SILENT=true
[2018.03.24-03.56.33:621][  7]LogSavePackage: Save=0.70ms
[2018.03.24-03.56.33:621][  7]LogSavePackage: Moving 'C:/Users/User/Documents/GitHub/GDS220OneHappyFamily/Control 4.19/Saved/Erratic_Fear7F192E194472F1915E007E8E14D96D1C.tmp' to 'C:/Users/User/Documents/GitHub/GDS220OneHappyFamily/Control 4.19/Content/SideScrollerBP/Audio/Erratic_Fear.uasset'
[2018.03.24-03.56.33:623][  7]LogSavePackage: Display: Finished SavePackage C:/Users/User/Documents/GitHub/GDS220OneHappyFamily/Control 4.19/Content/SideScrollerBP/Audio/Erratic_Fear.uasset
[2018.03.24-03.56.51:381][418]LogSlate: Window 'Control - Unreal Editor' being destroyed
[2018.03.24-03.56.51:382][418]LogWindowsTextInputMethodSystem: Display: IME system now deactivated.
[2018.03.24-03.56.51:582][419]Cmd: QUIT_EDITOR
[2018.03.24-03.56.51:600][419]LogSlate: Slate User Destroyed.  User Index 0, Is Virtual User: 0
[2018.03.24-03.56.51:600][419]LogExit: Preparing to exit.
[2018.03.24-03.56.51:991][419]LogExit: Editor shut down
[2018.03.24-03.56.51:993][419]LogExit: Transaction tracking system shut down
[2018.03.24-03.56.52:154][419]LogDirectoryWatcher: A directory notification for '../../../Engine/Content/' was aborted.
[2018.03.24-03.56.52:154][419]LogDirectoryWatcher: A directory notification for 'C:/Users/User/Documents/GitHub/GDS220OneHappyFamily/Control 4.19/Content/' was aborted.
[2018.03.24-03.56.52:154][419]LogDirectoryWatcher: A directory notification for '../../Plugins/2D/Paper2D/Content/' was aborted.
[2018.03.24-03.56.52:154][419]LogDirectoryWatcher: A directory notification for '../../Plugins/Enterprise/DatasmithContent/Content/' was aborted.
[2018.03.24-03.56.52:154][419]LogDirectoryWatcher: A directory notification for '../../Plugins/Media/MediaCompositing/Content/' was aborted.
[2018.03.24-03.56.52:154][419]LogDirectoryWatcher: A directory notification for '../../Plugins/Runtime/AppleARKit/Content/' was aborted.
[2018.03.24-03.56.52:154][419]LogDirectoryWatcher: A directory notification for '../../Plugins/Runtime/Oculus/OculusVR/Content/' was aborted.
[2018.03.24-03.56.52:154][419]LogDirectoryWatcher: A directory notification for '../../Plugins/Runtime/Steam/SteamVR/Content/' was aborted.
[2018.03.24-03.56.52:225][419]LogExit: Object subsystem successfully closed.
[2018.03.24-03.56.52:238][419]LogShaderCompilers: Display: Shaders left to compile 0
[2018.03.24-03.56.52:240][419]LogD3D11RHI: Shutdown
[2018.03.24-03.56.52:240][419]LogD3D11RHI: CleanupD3DDevice
[2018.03.24-03.56.52:243][419]LogD3D11RHI: ~FD3D11DynamicRHI
[2018.03.24-03.56.52:251][419]LogModuleManager: Shutting down and abandoning module HierarchicalLODUtilities (578)
[2018.03.24-03.56.52:251][419]LogModuleManager: Shutting down and abandoning module BlueprintGraph (576)
[2018.03.24-03.56.52:251][419]LogModuleManager: Shutting down and abandoning module HierarchicalLODOutliner (574)
[2018.03.24-03.56.52:251][419]LogModuleManager: Shutting down and abandoning module SceneOutliner (572)
[2018.03.24-03.56.52:251][419]LogModuleManager: Shutting down and abandoning module AddContentDialog (570)
[2018.03.24-03.56.52:254][419]LogDirectoryWatcher: A directory notification for 'D:/Unreal/UE_4.19/FeaturePacks/' was aborted.
[2018.03.24-03.56.52:257][419]LogModuleManager: Shutting down and abandoning module WidgetCarousel (569)
[2018.03.24-03.56.52:257][419]LogModuleManager: Shutting down and abandoning module EditorWidgets (566)
[2018.03.24-03.56.52:257][419]LogModuleManager: Shutting down and abandoning module CollectionManager (564)
[2018.03.24-03.56.52:257][419]LogDirectoryWatcher: A directory notification for 'C:/Users/User/Documents/GitHub/GDS220OneHappyFamily/Control 4.19/Content/Collections/' was aborted.
[2018.03.24-03.56.52:257][419]LogDirectoryWatcher: A directory notification for 'C:/Users/User/Documents/GitHub/GDS220OneHappyFamily/Control 4.19/Content/Developers/User/Collections/' was aborted.
[2018.03.24-03.56.52:257][419]LogDirectoryWatcher: A directory notification for 'C:/Users/User/Documents/GitHub/GDS220OneHappyFamily/Control 4.19/Saved/Collections/' was aborted.
[2018.03.24-03.56.52:257][419]LogModuleManager: Shutting down and abandoning module StatsViewer (562)
[2018.03.24-03.56.52:257][419]LogModuleManager: Shutting down and abandoning module FoliageEdit (560)
[2018.03.24-03.56.52:257][419]LogModuleManager: Shutting down and abandoning module LandscapeEditor (558)
[2018.03.24-03.56.52:257][419]LogModuleManager: Shutting down and abandoning module MeshPaintMode (556)
[2018.03.24-03.56.52:257][419]LogModuleManager: Shutting down and abandoning module SceneDepthPickerMode (554)
[2018.03.24-03.56.52:257][419]LogModuleManager: Shutting down and abandoning module ActorPickerMode (552)
[2018.03.24-03.56.52:257][419]LogModuleManager: Shutting down and abandoning module GeometryMode (550)
[2018.03.24-03.56.52:257][419]LogModuleManager: Shutting down and abandoning module TextureAlignMode (548)
[2018.03.24-03.56.52:257][419]LogModuleManager: Shutting down and abandoning module BspMode (546)
[2018.03.24-03.56.52:257][419]LogModuleManager: Shutting down and abandoning module PIEPreviewDeviceProfileSelector (544)
[2018.03.24-03.56.52:257][419]LogModuleManager: Shutting down and abandoning module HardwareSurvey (542)
[2018.03.24-03.56.52:257][419]LogModuleManager: Shutting down and abandoning module SequenceRecorderSections (540)
[2018.03.24-03.56.52:257][419]LogModuleManager: Shutting down and abandoning module AutomationWorker (538)
[2018.03.24-03.56.52:257][419]LogModuleManager: Shutting down and abandoning module AudioCaptureEditor (536)
[2018.03.24-03.56.52:257][419]LogModuleManager: Shutting down and abandoning module SequenceRecorder (535)
[2018.03.24-03.56.52:257][419]LogModuleManager: Shutting down and abandoning module MatineeToLevelSequence (532)
[2018.03.24-03.56.52:257][419]LogModuleManager: Shutting down and abandoning module LevelSequenceEditor (530)
[2018.03.24-03.56.52:258][419]LogModuleManager: Shutting down and abandoning module PlacementMode (529)
[2018.03.24-03.56.52:258][419]LogModuleManager: Shutting down and abandoning module MaterialEditor (528)
[2018.03.24-03.56.52:258][419]LogModuleManager: Shutting down and abandoning module WmfMediaFactory (524)
[2018.03.24-03.56.52:258][419]LogModuleManager: Shutting down and abandoning module WmfMediaEditor (522)
[2018.03.24-03.56.52:258][419]LogModuleManager: Shutting down and abandoning module MediaPlayerEditor (520)
[2018.03.24-03.56.52:258][419]LogModuleManager: Shutting down and abandoning module OpenExrWrapper (518)
[2018.03.24-03.56.52:258][419]LogModuleManager: Shutting down and abandoning module ImgMediaFactory (516)
[2018.03.24-03.56.52:258][419]LogModuleManager: Shutting down and abandoning module ImgMediaEditor (514)
[2018.03.24-03.56.52:258][419]LogModuleManager: Shutting down and abandoning module AvfMediaFactory (512)
[2018.03.24-03.56.52:258][419]LogModuleManager: Shutting down and abandoning module AvfMediaEditor (510)
[2018.03.24-03.56.52:258][419]LogModuleManager: Shutting down and abandoning module AndroidMediaFactory (508)
[2018.03.24-03.56.52:258][419]LogModuleManager: Shutting down and abandoning module AndroidMediaEditor (506)
[2018.03.24-03.56.52:258][419]LogModuleManager: Shutting down and abandoning module CharacterAI (504)
[2018.03.24-03.56.52:258][419]LogModuleManager: Shutting down and abandoning module SmartSnapping (502)
[2018.03.24-03.56.52:258][419]LogModuleManager: Shutting down and abandoning module SessionServices (500)
[2018.03.24-03.56.52:258][419]LogModuleManager: Shutting down and abandoning module ViewportSnapping (498)
[2018.03.24-03.56.52:258][419]LogModuleManager: Shutting down and abandoning module ViewportInteraction (496)
[2018.03.24-03.56.52:258][419]LogModuleManager: Shutting down and abandoning module ClothPainter (494)
[2018.03.24-03.56.52:258][419]LogModuleManager: Shutting down and abandoning module SkeletalMeshEditor (493)
[2018.03.24-03.56.52:258][419]LogModuleManager: Shutting down and abandoning module LogVisualizer (490)
[2018.03.24-03.56.52:258][419]LogModuleManager: Shutting down and abandoning module IntroTutorials (488)
[2018.03.24-03.56.52:258][419]LogModuleManager: Shutting down and abandoning module GameProjectGeneration (487)
[2018.03.24-03.56.52:258][419]LogModuleManager: Shutting down and abandoning module IOSPlatformEditor (484)
[2018.03.24-03.56.52:258][419]LogModuleManager: Shutting down and abandoning module HTML5PlatformEditor (482)
[2018.03.24-03.56.52:258][419]LogModuleManager: Shutting down and abandoning module AndroidPlatformEditor (480)
[2018.03.24-03.56.52:258][419]LogModuleManager: Shutting down and abandoning module AndroidDeviceDetection (479)
[2018.03.24-03.56.53:142][419]LogModuleManager: Shutting down and abandoning module WindowsPlatformEditor (476)
[2018.03.24-03.56.53:142][419]LogModuleManager: Shutting down and abandoning module IOSRuntimeSettings (474)
[2018.03.24-03.56.53:142][419]LogModuleManager: Shutting down and abandoning module AndroidRuntimeSettings (472)
[2018.03.24-03.56.53:142][419]LogModuleManager: Shutting down and abandoning module InputBindingEditor (470)
[2018.03.24-03.56.53:142][419]LogModuleManager: Shutting down and abandoning module MergeActors (468)
[2018.03.24-03.56.53:142][419]LogModuleManager: Shutting down and abandoning module LocalizationDashboard (466)
[2018.03.24-03.56.53:142][419]LogModuleManager: Shutting down and abandoning module LocalizationService (465)
[2018.03.24-03.56.53:142][419]LogModuleManager: Shutting down and abandoning module HardwareTargeting (462)
[2018.03.24-03.56.53:142][419]LogModuleManager: Shutting down and abandoning module DeviceProfileEditor (460)
[2018.03.24-03.56.53:142][419]LogModuleManager: Shutting down and abandoning module UndoHistory (458)
[2018.03.24-03.56.53:142][419]LogModuleManager: Shutting down and abandoning module XmlParser (456)
[2018.03.24-03.56.53:142][419]LogModuleManager: Shutting down and abandoning module Blutility (454)
[2018.03.24-03.56.53:142][419]LogModuleManager: Shutting down and abandoning module ProjectSettingsViewer (452)
[2018.03.24-03.56.53:143][419]LogModuleManager: Shutting down and abandoning module ProjectTargetPlatformEditor (451)
[2018.03.24-03.56.53:143][419]LogModuleManager: Shutting down and abandoning module EditorSettingsViewer (448)
[2018.03.24-03.56.53:143][419]LogModuleManager: Shutting down and abandoning module SettingsEditor (446)
[2018.03.24-03.56.53:143][419]LogModuleManager: Shutting down and abandoning module ProjectLauncher (444)
[2018.03.24-03.56.53:143][419]LogModuleManager: Shutting down and abandoning module SessionFrontend (442)
[2018.03.24-03.56.53:143][419]LogModuleManager: Shutting down and abandoning module ProfilerClient (440)
[2018.03.24-03.56.53:143][419]LogModuleManager: Shutting down and abandoning module DeviceManager (438)
[2018.03.24-03.56.53:143][419]LogModuleManager: Shutting down and abandoning module TargetDeviceServices (437)
[2018.03.24-03.56.53:195][419]LogModuleManager: Shutting down and abandoning module AutomationController (434)
[2018.03.24-03.56.53:195][419]LogModuleManager: Shutting down and abandoning module AutomationWindow (432)
[2018.03.24-03.56.53:195][419]LogModuleManager: Shutting down and abandoning module Layers (430)
[2018.03.24-03.56.53:195][419]LogModuleManager: Shutting down and abandoning module ComponentVisualizers (428)
[2018.03.24-03.56.53:195][419]LogModuleManager: Shutting down and abandoning module DetailCustomizations (426)
[2018.03.24-03.56.53:195][419]LogModuleManager: Shutting down and abandoning module PackagesDialog (424)
[2018.03.24-03.56.53:195][419]LogModuleManager: Shutting down and abandoning module Persona (422)
[2018.03.24-03.56.53:195][419]LogModuleManager: Shutting down and abandoning module AdvancedPreviewScene (421)
[2018.03.24-03.56.53:195][419]LogModuleManager: Shutting down and abandoning module AnimGraph (419)
[2018.03.24-03.56.53:195][419]LogModuleManager: Shutting down and abandoning module Kismet (416)
[2018.03.24-03.56.53:199][419]LogModuleManager: Shutting down and abandoning module GraphEditor (414)
[2018.03.24-03.56.53:199][419]LogModuleManager: Shutting down and abandoning module ClassViewer (412)
[2018.03.24-03.56.53:199][419]LogModuleManager: Shutting down and abandoning module Toolbox (410)
[2018.03.24-03.56.53:199][419]LogModuleManager: Shutting down and abandoning module ModuleUI (408)
[2018.03.24-03.56.53:199][419]LogModuleManager: Shutting down and abandoning module MovieSceneTools (406)
[2018.03.24-03.56.53:199][419]LogModuleManager: Shutting down and abandoning module OutputLog (404)
[2018.03.24-03.56.53:199][419]LogModuleManager: Shutting down and abandoning module GammaUI (402)
[2018.03.24-03.56.53:199][419]LogModuleManager: Shutting down and abandoning module Documentation (400)
[2018.03.24-03.56.53:199][419]LogModuleManager: Shutting down and abandoning module MovieSceneTracks (398)
[2018.03.24-03.56.53:199][419]LogModuleManager: Shutting down and abandoning module MovieScene (396)
[2018.03.24-03.56.53:199][419]LogModuleManager: Shutting down and abandoning module StreamingPauseRendering (394)
[2018.03.24-03.56.53:199][419]LogModuleManager: Shutting down and abandoning module LauncherPlatform (392)
[2018.03.24-03.56.53:199][419]LogModuleManager: Shutting down and abandoning module AnalyticsET (390)
[2018.03.24-03.56.53:199][419]LogModuleManager: Shutting down and abandoning module PortalServices (388)
[2018.03.24-03.56.53:199][419]LogModuleManager: Shutting down and abandoning module PortalRpc (386)
[2018.03.24-03.56.53:199][419]LogModuleManager: Shutting down and abandoning module MessagingRpc (384)
[2018.03.24-03.56.53:199][419]LogModuleManager: Shutting down and abandoning module AIModule (382)
[2018.03.24-03.56.53:199][419]LogModuleManager: Shutting down and abandoning module GameplayDebugger (381)
[2018.03.24-03.56.53:199][419]LogModuleManager: Shutting down and abandoning module AITestSuite (379)
[2018.03.24-03.56.53:200][419]LogModuleManager: Shutting down and abandoning module DesktopPlatform (376)
[2018.03.24-03.56.53:200][419]LogModuleManager: Shutting down and abandoning module ProfilerService (374)
[2018.03.24-03.56.53:291][419]LogModuleManager: Shutting down and abandoning module TaskGraph (372)
[2018.03.24-03.56.53:291][419]LogModuleManager: Shutting down and abandoning module SteamVRController (370)
[2018.03.24-03.56.53:291][419]LogModuleManager: Shutting down and abandoning module ProceduralMeshComponentEditor (368)
[2018.03.24-03.56.53:291][419]LogModuleManager: Shutting down and abandoning module ProceduralMeshComponent (366)
[2018.03.24-03.56.53:291][419]LogModuleManager: Shutting down and abandoning module OculusInput (364)
[2018.03.24-03.56.53:291][419]LogModuleManager: Shutting down and abandoning module MobilePatchingUtils (362)
[2018.03.24-03.56.53:291][419]LogModuleManager: Shutting down and abandoning module CustomMeshComponent (360)
[2018.03.24-03.56.53:291][419]LogModuleManager: Shutting down and abandoning module CableComponent (358)
[2018.03.24-03.56.53:291][419]LogModuleManager: Shutting down and abandoning module AudioCapture (356)
[2018.03.24-03.56.53:291][419]LogModuleManager: Shutting down and abandoning module ArchVisCharacter (354)
[2018.03.24-03.56.53:291][419]LogModuleManager: Shutting down and abandoning module AndroidPermission (352)
[2018.03.24-03.56.53:291][419]LogModuleManager: Shutting down and abandoning module NUTUnrealEngine4 (348)
[2018.03.24-03.56.53:291][419]LogModuleManager: Shutting down and abandoning module NetcodeUnitTest (346)
[2018.03.24-03.56.53:291][419]LogModuleManager: Shutting down and abandoning module MediaCompositingEditor (344)
[2018.03.24-03.56.53:291][419]LogModuleManager: Shutting down and abandoning module MediaCompositing (342)
[2018.03.24-03.56.53:291][419]LogModuleManager: Shutting down and abandoning module LinearTimecode (340)
[2018.03.24-03.56.53:291][419]LogModuleManager: Shutting down and abandoning module ImgMedia (338)
[2018.03.24-03.56.53:294][419]LogModuleManager: Shutting down and abandoning module HTML5Networking (336)
[2018.03.24-03.56.53:294][419]LogModuleManager: Shutting down and abandoning module AlembicImporter (334)
[2018.03.24-03.56.53:294][419]LogModuleManager: Shutting down and abandoning module AlembicLibrary (333)
[2018.03.24-03.56.53:294][419]LogModuleManager: Shutting down and abandoning module GeometryCache (332)
[2018.03.24-03.56.53:294][419]LogModuleManager: Shutting down and abandoning module GeometryCacheEd (331)
[2018.03.24-03.56.53:294][419]LogModuleManager: Shutting down and abandoning module DatasmithContent (326)
[2018.03.24-03.56.53:294][419]LogModuleManager: Shutting down and abandoning module SpeedTreeImporter (324)
[2018.03.24-03.56.53:294][419]LogModuleManager: Shutting down and abandoning module PluginBrowser (322)
[2018.03.24-03.56.53:294][419]LogModuleManager: Shutting down and abandoning module MobileLauncherProfileWizard (320)
[2018.03.24-03.56.53:294][419]LogModuleManager: Shutting down and abandoning module CryptoKeysOpenSSL (318)
[2018.03.24-03.56.53:294][419]LogModuleManager: Shutting down and abandoning module CryptoKeys (316)
[2018.03.24-03.56.53:294][419]LogModuleManager: Shutting down and abandoning module VisualStudioSourceCodeAccess (314)
[2018.03.24-03.56.53:294][419]LogModuleManager: Shutting down and abandoning module VisualStudioCodeSourceCodeAccess (312)
[2018.03.24-03.56.53:294][419]LogModuleManager: Shutting down and abandoning module UObjectPlugin (310)
[2018.03.24-03.56.53:294][419]LogModuleManager: Shutting down and abandoning module SubversionSourceControl (308)
[2018.03.24-03.56.53:294][419]LogModuleManager: Shutting down and abandoning module PerforceSourceControl (306)
[2018.03.24-03.56.53:294][419]LogModuleManager: Shutting down and abandoning module GitSourceControl (304)
[2018.03.24-03.56.53:294][419]LogModuleManager: Shutting down and abandoning module SourceControl (303)
[2018.03.24-03.56.53:294][419]LogModuleManager: Shutting down and abandoning module CLionSourceCodeAccess (300)
[2018.03.24-03.56.53:294][419]LogModuleManager: Shutting down and abandoning module LightPropagationVolumeEditor (298)
[2018.03.24-03.56.53:294][419]LogModuleManager: Shutting down and abandoning module PaperTiledImporter (296)
[2018.03.24-03.56.53:294][419]LogModuleManager: Shutting down and abandoning module PaperSpriteSheetImporter (294)
[2018.03.24-03.56.53:294][419]LogModuleManager: Shutting down and abandoning module Paper2DEditor (292)
[2018.03.24-03.56.53:294][419]LogModuleManager: Shutting down and abandoning module MeshPaint (291)
[2018.03.24-03.56.53:294][419]LogModuleManager: Shutting down and abandoning module RuntimePhysXCooking (288)
[2018.03.24-03.56.53:294][419]LogModuleManager: Shutting down and abandoning module PhysXVehiclesEditor (286)
[2018.03.24-03.56.53:294][419]LogModuleManager: Shutting down and abandoning module PhysXVehicles (284)
[2018.03.24-03.56.53:294][419]LogModuleManager: Shutting down and abandoning module OculusEditor (282)
[2018.03.24-03.56.53:294][419]LogModuleManager: Shutting down and abandoning module LocationServicesBPLibrary (280)
[2018.03.24-03.56.53:294][419]LogModuleManager: Shutting down and abandoning module ImmediatePhysicsEditor (278)
[2018.03.24-03.56.53:294][419]LogModuleManager: Shutting down and abandoning module ImmediatePhysics (276)
[2018.03.24-03.56.53:294][419]LogModuleManager: Shutting down and abandoning module ActorSequence (274)
[2018.03.24-03.56.53:294][419]LogModuleManager: Shutting down and abandoning module UdpMessaging (272)
[2018.03.24-03.56.53:395][419]LogModuleManager: Shutting down and abandoning module TcpMessaging (270)
[2018.03.24-03.56.53:495][419]LogModuleManager: Shutting down and abandoning module GameplayTagsEditor (268)
[2018.03.24-03.56.53:495][419]LogModuleManager: Shutting down and abandoning module FacialAnimationEditor (266)
[2018.03.24-03.56.53:495][419]LogModuleManager: Shutting down and abandoning module FacialAnimation (264)
[2018.03.24-03.56.53:495][419]LogModuleManager: Shutting down and abandoning module DataValidation (262)
[2018.03.24-03.56.53:495][419]LogModuleManager: Shutting down and abandoning module AssetManagerEditor (260)
[2018.03.24-03.56.53:495][419]LogModuleManager: Shutting down and abandoning module LevelEditor (259)
[2018.03.24-03.56.53:496][419]LogModuleManager: Shutting down and abandoning module PixelInspectorModule (258)
[2018.03.24-03.56.53:496][419]LogModuleManager: Shutting down and abandoning module CommonMenuExtensions (256)
[2018.03.24-03.56.53:496][419]LogModuleManager: Shutting down and abandoning module MainFrame (254)
[2018.03.24-03.56.53:497][419]LogModuleManager: Shutting down and abandoning module HotReload (253)
[2018.03.24-03.56.53:497][419]LogModuleManager: Shutting down and abandoning module ContentBrowser (249)
[2018.03.24-03.56.53:499][419]LogModuleManager: Shutting down and abandoning module TreeMap (247)
[2018.03.24-03.56.53:499][419]LogModuleManager: Shutting down and abandoning module LightPropagationVolumeRuntime (244)
[2018.03.24-03.56.53:499][419]LogModuleManager: Shutting down and abandoning module LiveLinkEditor (242)
[2018.03.24-03.56.53:499][419]LogModuleManager: Shutting down and abandoning module LiveLink (240)
[2018.03.24-03.56.53:701][419]LogModuleManager: Shutting down and abandoning module Paper2D (238)
[2018.03.24-03.56.53:701][419]LogModuleManager: Shutting down and abandoning module WindowsMoviePlayer (236)
[2018.03.24-03.56.53:701][419]LogModuleManager: Shutting down and abandoning module WmfMedia (234)
[2018.03.24-03.56.53:703][419]LogModuleManager: Shutting down and abandoning module PacketHandler (232)
[2018.03.24-03.56.53:703][419]LogModuleManager: Shutting down and abandoning module ClothingSystemEditor (230)
[2018.03.24-03.56.53:703][419]LogModuleManager: Shutting down and abandoning module ClothingSystemRuntime (228)
[2018.03.24-03.56.53:703][419]LogModuleManager: Shutting down and abandoning module MediaAssets (226)
[2018.03.24-03.56.53:703][419]LogModuleManager: Shutting down and abandoning module Media (225)
[2018.03.24-03.56.53:709][419]LogModuleManager: Shutting down and abandoning module Overlay (222)
[2018.03.24-03.56.53:709][419]LogModuleManager: Shutting down and abandoning module OverlayEditor (221)
[2018.03.24-03.56.53:709][419]LogModuleManager: Shutting down and abandoning module VREditor (218)
[2018.03.24-03.56.53:709][419]LogModuleManager: Shutting down and abandoning module StringTableEditor (216)
[2018.03.24-03.56.53:709][419]LogModuleManager: Shutting down and abandoning module GameplayTasksEditor (214)
[2018.03.24-03.56.53:709][419]LogModuleManager: Shutting down and abandoning module BehaviorTreeEditor (212)
[2018.03.24-03.56.53:709][419]LogModuleManager: Shutting down and abandoning module FunctionalTesting (210)
[2018.03.24-03.56.53:709][419]LogModuleManager: Shutting down and abandoning module CollisionAnalyzer (208)
[2018.03.24-03.56.53:709][419]LogModuleManager: Shutting down and abandoning module WorkspaceMenuStructure (207)
[2018.03.24-03.56.53:709][419]LogModuleManager: Shutting down and abandoning module UMG (204)
[2018.03.24-03.56.53:709][419]LogModuleManager: Shutting down and abandoning module UMGEditor (203)
[2018.03.24-03.56.53:709][419]LogModuleManager: Shutting down and abandoning module Sequencer (202)
[2018.03.24-03.56.53:709][419]LogModuleManager: Shutting down and abandoning module MessageLog (199)
[2018.03.24-03.56.53:709][419]LogModuleManager: Shutting down and abandoning module SlateReflector (194)
[2018.03.24-03.56.53:709][419]LogModuleManager: Shutting down and abandoning module Slate (192)
[2018.03.24-03.56.53:709][419]LogModuleManager: Shutting down and abandoning module EditorStyle (190)
[2018.03.24-03.56.53:710][419]LogModuleManager: Shutting down and abandoning module MRMesh (188)
[2018.03.24-03.56.53:711][419]LogModuleManager: Shutting down and abandoning module SourceCodeAccess (186)
[2018.03.24-03.56.53:711][419]LogModuleManager: Shutting down and abandoning module HeadMountedDisplay (184)
[2018.03.24-03.56.53:711][419]LogModuleManager: Shutting down and abandoning module XAudio2 (182)
[2018.03.24-03.56.53:711][419]LogModuleManager: Shutting down and abandoning module Networking (180)
[2018.03.24-03.56.53:711][419]LogModuleManager: Shutting down and abandoning module Core (178)
[2018.03.24-03.56.53:711][419]LogModuleManager: Shutting down and abandoning module LevelSequence (176)
[2018.03.24-03.56.53:711][419]LogModuleManager: Shutting down and abandoning module KismetCompiler (174)
[2018.03.24-03.56.53:711][419]LogModuleManager: Shutting down and abandoning module MeshUtilities (172)
[2018.03.24-03.56.53:711][419]LogModuleManager: Shutting down and abandoning module MeshMergeUtilities (171)
[2018.03.24-03.56.53:711][419]LogModuleManager: Shutting down and abandoning module MeshReductionInterface (170)
[2018.03.24-03.56.53:711][419]LogModuleManager: Shutting down and abandoning module SimplygonSwarm (169)
[2018.03.24-03.56.53:711][419]LogModuleManager: Shutting down and abandoning module SimplygonMeshReduction (167)
[2018.03.24-03.56.53:711][419]LogModuleManager: Shutting down and abandoning module QuadricMeshReduction (165)
[2018.03.24-03.56.53:711][419]LogModuleManager: Shutting down and abandoning module MaterialBaking (161)
[2018.03.24-03.56.53:711][419]LogModuleManager: Shutting down and abandoning module DirectoryWatcher (157)
[2018.03.24-03.56.53:711][419]LogModuleManager: Shutting down and abandoning module DerivedDataCache (154)
[2018.03.24-03.56.53:768][419]LogDerivedDataCache: Shutdown
[2018.03.24-03.56.53:768][419]LogModuleManager: Shutting down and abandoning module XGEController (152)
[2018.03.24-03.56.53:769][419]LogXGEController: Cleaning working directory: C:/Users/User/AppData/Local/Temp/UnrealXGEWorkingDir/
[2018.03.24-03.56.53:769][419]LogModuleManager: Shutting down and abandoning module TargetPlatform (150)
[2018.03.24-03.56.53:769][419]LogModuleManager: Shutting down and abandoning module VulkanShaderFormat (149)
[2018.03.24-03.56.53:769][419]LogModuleManager: Shutting down and abandoning module ShaderFormatVectorVM (147)
[2018.03.24-03.56.53:769][419]LogModuleManager: Shutting down and abandoning module ShaderFormatOpenGL (145)
[2018.03.24-03.56.53:769][419]LogModuleManager: Shutting down and abandoning module ShaderFormatD3D (143)
[2018.03.24-03.56.53:770][419]LogModuleManager: Shutting down and abandoning module MetalShaderFormat (141)
[2018.03.24-03.56.53:770][419]LogModuleManager: Shutting down and abandoning module TextureFormatUncompressed (139)
[2018.03.24-03.56.53:770][419]LogModuleManager: Shutting down and abandoning module TextureFormatPVR (137)
[2018.03.24-03.56.53:770][419]LogModuleManager: Shutting down and abandoning module TextureFormatDXT (135)
[2018.03.24-03.56.53:770][419]LogModuleManager: Shutting down and abandoning module TextureFormatIntelISPCTexComp (133)
[2018.03.24-03.56.53:770][419]LogModuleManager: Shutting down and abandoning module TextureFormatASTC (131)
[2018.03.24-03.56.53:770][419]LogModuleManager: Shutting down and abandoning module ImageWrapper (130)
[2018.03.24-03.56.53:770][419]LogModuleManager: Shutting down and abandoning module TextureFormatAndroid (127)
[2018.03.24-03.56.53:770][419]LogModuleManager: Shutting down and abandoning module AudioFormatOpus (125)
[2018.03.24-03.56.53:770][419]LogModuleManager: Shutting down and abandoning module AudioFormatOgg (123)
[2018.03.24-03.56.53:770][419]LogModuleManager: Shutting down and abandoning module AudioFormatADPCM (121)
[2018.03.24-03.56.53:770][419]LogModuleManager: Shutting down and abandoning module LinuxTargetPlatform (119)
[2018.03.24-03.56.53:771][419]LogModuleManager: Shutting down and abandoning module LinuxServerTargetPlatform (117)
[2018.03.24-03.56.53:771][419]LogModuleManager: Shutting down and abandoning module LinuxNoEditorTargetPlatform (115)
[2018.03.24-03.56.53:771][419]LogModuleManager: Shutting down and abandoning module LinuxClientTargetPlatform (113)
[2018.03.24-03.56.53:771][419]LogModuleManager: Shutting down and abandoning module TVOSTargetPlatform (111)
[2018.03.24-03.56.53:771][419]LogModuleManager: Shutting down and abandoning module Messaging (109)
[2018.03.24-03.56.53:771][419]LogModuleManager: Shutting down and abandoning module IOSTargetPlatform (107)
[2018.03.24-03.56.53:771][419]LogModuleManager: Shutting down and abandoning module HTML5TargetPlatform (105)
[2018.03.24-03.56.53:771][419]LogModuleManager: Shutting down and abandoning module AndroidTargetPlatform (103)
[2018.03.24-03.56.53:771][419]LogModuleManager: Shutting down and abandoning module Android_PVRTCTargetPlatform (101)
[2018.03.24-03.56.53:771][419]LogModuleManager: Shutting down and abandoning module Android_MultiTargetPlatform (99)
[2018.03.24-03.56.53:771][419]LogModuleManager: Shutting down and abandoning module Android_ETC2TargetPlatform (97)
[2018.03.24-03.56.53:771][419]LogModuleManager: Shutting down and abandoning module Android_ETC1TargetPlatform (95)
[2018.03.24-03.56.53:772][419]LogModuleManager: Shutting down and abandoning module Android_ETC1aTargetPlatform (93)
[2018.03.24-03.56.53:772][419]LogModuleManager: Shutting down and abandoning module Android_DXTTargetPlatform (91)
[2018.03.24-03.56.53:772][419]LogModuleManager: Shutting down and abandoning module Android_ATCTargetPlatform (89)
[2018.03.24-03.56.53:772][419]LogModuleManager: Shutting down and abandoning module Android_ASTCTargetPlatform (87)
[2018.03.24-03.56.53:772][419]LogModuleManager: Shutting down and abandoning module WindowsTargetPlatform (85)
[2018.03.24-03.56.53:772][419]LogModuleManager: Shutting down and abandoning module WindowsServerTargetPlatform (83)
[2018.03.24-03.56.53:772][419]LogModuleManager: Shutting down and abandoning module WindowsNoEditorTargetPlatform (81)
[2018.03.24-03.56.53:772][419]LogModuleManager: Shutting down and abandoning module WindowsClientTargetPlatform (79)
[2018.03.24-03.56.53:772][419]LogModuleManager: Shutting down and abandoning module MacTargetPlatform (77)
[2018.03.24-03.56.53:772][419]LogModuleManager: Shutting down and abandoning module MacServerTargetPlatform (75)
[2018.03.24-03.56.53:772][419]LogModuleManager: Shutting down and abandoning module MacNoEditorTargetPlatform (73)
[2018.03.24-03.56.53:773][419]LogModuleManager: Shutting down and abandoning module MacClientTargetPlatform (71)
[2018.03.24-03.56.53:773][419]LogModuleManager: Shutting down and abandoning module AllDesktopTargetPlatform (69)
[2018.03.24-03.56.53:773][419]LogModuleManager: Shutting down and abandoning module InputCore (66)
[2018.03.24-03.56.53:773][419]LogModuleManager: Shutting down and abandoning module Settings (64)
[2018.03.24-03.56.53:773][419]LogModuleManager: Shutting down and abandoning module PhysXCooking (62)
[2018.03.24-03.56.53:773][419]LogModuleManager: Shutting down and abandoning module SteamVR (60)
[2018.03.24-03.56.53:773][419]LogModuleManager: Shutting down and abandoning module OculusHMD (58)
[2018.03.24-03.56.53:773][419]LogModuleManager: Shutting down and abandoning module ExampleDeviceProfileSelector (56)
[2018.03.24-03.56.53:773][419]LogModuleManager: Shutting down and abandoning module AppleARKit (54)
[2018.03.24-03.56.53:773][419]LogModuleManager: Shutting down and abandoning module AugmentedReality (51)
[2018.03.24-03.56.53:773][419]LogModuleManager: Shutting down and abandoning module OnlineBlueprintSupport (48)
[2018.03.24-03.56.53:773][419]LogModuleManager: Shutting down and abandoning module OnlineSubsystem (44)
[2018.03.24-03.56.53:774][419]LogModuleManager: Shutting down and abandoning module XMPP (43)
[2018.03.24-03.56.53:774][419]LogModuleManager: Shutting down and abandoning module HTTP (41)
[2018.03.24-03.56.53:774][419]LogHttp: Display: Http module shutting down, but needs to wait on 1 outstanding Http requests:
[2018.03.24-03.56.53:774][419]LogHttp: Display: 	verb=[POST] url=[https://datarouter.ol.epicgames.com/datarouter/api/v1/public/data?SessionID=%7B2E554CDA-40C0-6FD2-93A6-DFBC8412085E%7D&AppID=UEEditor.Rocket.Release&AppVersion=4.19.0-3944462%2B%2B%2BUE4%2BRelease-4.19&UserID=8db16c7e4995ca5d97236babd48c870c%7C58423f7a5210437e84b75f6cebfa7a5c%7C2d1b5af1-83d7-473a-bc51-5535e7d9d83b&AppEnvironment=datacollector-binary&UploadType=eteventstream] status=Processing
[2018.03.24-03.56.53:779][419]LogModuleManager: Shutting down and abandoning module SSL (40)
[2018.03.24-03.56.53:782][419]LogModuleManager: Shutting down and abandoning module AnimationModifiers (36)
[2018.03.24-03.56.53:782][419]LogModuleManager: Shutting down and abandoning module PropertyEditor (35)
[2018.03.24-03.56.53:783][419]LogModuleManager: Shutting down and abandoning module AudioEditor (32)
[2018.03.24-03.56.53:783][419]LogModuleManager: Shutting down and abandoning module TextureCompressor (30)
[2018.03.24-03.56.53:783][419]LogModuleManager: Shutting down and abandoning module ShaderCore (28)
[2018.03.24-03.56.53:783][419]LogModuleManager: Shutting down and abandoning module Landscape (26)
[2018.03.24-03.56.53:783][419]LogModuleManager: Shutting down and abandoning module SlateRHIRenderer (24)
[2018.03.24-03.56.53:784][419]LogModuleManager: Shutting down and abandoning module OpenGLDrv (22)
[2018.03.24-03.56.53:785][419]LogModuleManager: Shutting down and abandoning module D3D11RHI (20)
[2018.03.24-03.56.53:785][419]LogModuleManager: Shutting down and abandoning module AnimGraphRuntime (18)
[2018.03.24-03.56.53:785][419]LogModuleManager: Shutting down and abandoning module Renderer (16)
[2018.03.24-03.56.53:785][419]LogModuleManager: Shutting down and abandoning module Engine (14)
[2018.03.24-03.56.53:785][419]LogModuleManager: Shutting down and abandoning module CoreUObject (12)
[2018.03.24-03.56.53:785][419]LogModuleManager: Shutting down and abandoning module NetworkFile (10)
[2018.03.24-03.56.53:785][419]LogModuleManager: Shutting down and abandoning module CookedIterativeFile (8)
[2018.03.24-03.56.53:785][419]LogModuleManager: Shutting down and abandoning module StreamingFile (6)
[2018.03.24-03.56.53:785][419]LogModuleManager: Shutting down and abandoning module SandboxFile (4)
[2018.03.24-03.56.53:785][419]LogModuleManager: Shutting down and abandoning module PakFile (2)
[2018.03.24-03.56.53:796][419]LogExit: Exiting.
[2018.03.24-03.56.53:806][419]Log file closed, 03/24/18 14:56:53
