Log file open, 03/26/18 09:33:35
LogWindows: Failed to load 'aqProf.dll' (GetLastError=126)
LogWindows: File 'aqProf.dll' does not exist
LogWindows: Failed to load 'VSPerf140.dll' (GetLastError=126)
LogWindows: File 'VSPerf140.dll' does not exist
LogWindows: Failed to load 'VtuneApi.dll' (GetLastError=126)
LogWindows: File 'VtuneApi.dll' does not exist
LogWindows: Failed to load 'VtuneApi32e.dll' (GetLastError=126)
LogWindows: File 'VtuneApi32e.dll' does not exist
LogInit: Display: Running engine for game: Control
LogPlatformFile: Not using cached read wrapper
LogInit: Display: RandInit(1802794744) SRandInit(1802794744).
LogInit: Read version file with build ID '3944462'
LogInit: Overriding engine version to CL 3944462, compatible CL 3944462
LogInit: Registered custom module enumerator with build ID '3944462'
LogTaskGraph: Started task graph with 5 named threads and 23 total threads with 3 sets of task threads.
LogStats: Stats thread started at 0.251689
LogD3D11RHI: Aftermath initialized
LogICUInternationalization: Display: ICU TimeZone Detection - Raw Offset: +10:00, Platform Override: ''
LogModuleManager: Display: Found up-to-date module file ../../../Engine/Plugins/2D/Paper2D/Binaries/Win64/UE4Editor-Paper2D.dll (API version 3944462).
LogModuleManager: Display: Found up-to-date module file ../../../Engine/Plugins/2D/Paper2D/Binaries/Win64/UE4Editor-Paper2DEditor.dll (API version 3944462).
LogModuleManager: Display: Found up-to-date module file ../../../Engine/Plugins/2D/Paper2D/Binaries/Win64/UE4Editor-PaperSpriteSheetImporter.dll (API version 3944462).
LogModuleManager: Display: Found up-to-date module file ../../../Engine/Plugins/2D/Paper2D/Binaries/Win64/UE4Editor-PaperTiledImporter.dll (API version 3944462).
LogModuleManager: Display: Found up-to-date module file ../../../Engine/Plugins/2D/Paper2D/Binaries/Win64/UE4Editor-SmartSnapping.dll (API version 3944462).
LogModuleManager: Display: Found up-to-date module file ../../../Engine/Plugins/Blendables/LightPropagationVolume/Binaries/Win64/UE4Editor-LightPropagationVolumeRuntime.dll (API version 3944462).
LogModuleManager: Display: Found up-to-date module file ../../../Engine/Plugins/Blendables/LightPropagationVolume/Binaries/Win64/UE4Editor-LightPropagationVolumeEditor.dll (API version 3944462).
LogModuleManager: Display: Found up-to-date module file ../../../Engine/Plugins/Developer/CLionSourceCodeAccess/Binaries/Win64/UE4Editor-CLionSourceCodeAccess.dll (API version 3944462).
LogModuleManager: Display: Found up-to-date module file ../../../Engine/Plugins/Developer/GitSourceControl/Binaries/Win64/UE4Editor-GitSourceControl.dll (API version 3944462).
LogModuleManager: Display: Found up-to-date module file ../../../Engine/Plugins/Developer/PerforceSourceControl/Binaries/Win64/UE4Editor-PerforceSourceControl.dll (API version 3944462).
LogModuleManager: Display: Found up-to-date module file ../../../Engine/Plugins/Developer/SubversionSourceControl/Binaries/Win64/UE4Editor-SubversionSourceControl.dll (API version 3944462).
LogModuleManager: Display: Found up-to-date module file ../../../Engine/Plugins/Developer/UObjectPlugin/Binaries/Win64/UE4Editor-UObjectPlugin.dll (API version 3944462).
LogModuleManager: Display: Found up-to-date module file ../../../Engine/Plugins/Developer/VisualStudioCodeSourceCodeAccess/Binaries/Win64/UE4Editor-VisualStudioCodeSourceCodeAccess.dll (API version 3944462).
LogModuleManager: Display: Found up-to-date module file ../../../Engine/Plugins/Developer/VisualStudioSourceCodeAccess/Binaries/Win64/UE4Editor-VisualStudioSourceCodeAccess.dll (API version 3944462).
LogModuleManager: Display: Found up-to-date module file ../../../Engine/Plugins/Editor/AssetManagerEditor/Binaries/Win64/UE4Editor-AssetManagerEditor.dll (API version 3944462).
LogModuleManager: Display: Found up-to-date module file ../../../Engine/Plugins/Editor/CryptoKeys/Binaries/Win64/UE4Editor-CryptoKeys.dll (API version 3944462).
LogModuleManager: Display: Found up-to-date module file ../../../Engine/Plugins/Editor/CryptoKeys/Binaries/Win64/UE4Editor-CryptoKeysOpenSSL.dll (API version 3944462).
LogModuleManager: Display: Found up-to-date module file ../../../Engine/Plugins/Editor/DataValidation/Binaries/Win64/UE4Editor-DataValidation.dll (API version 3944462).
LogModuleManager: Display: Found up-to-date module file ../../../Engine/Plugins/Editor/FacialAnimation/Binaries/Win64/UE4Editor-FacialAnimation.dll (API version 3944462).
LogModuleManager: Display: Found up-to-date module file ../../../Engine/Plugins/Editor/FacialAnimation/Binaries/Win64/UE4Editor-FacialAnimationEditor.dll (API version 3944462).
LogModuleManager: Display: Found up-to-date module file ../../../Engine/Plugins/Editor/GameplayTagsEditor/Binaries/Win64/UE4Editor-GameplayTagsEditor.dll (API version 3944462).
LogModuleManager: Display: Found up-to-date module file ../../../Engine/Plugins/Editor/MobileLauncherProfileWizard/Binaries/Win64/UE4Editor-MobileLauncherProfileWizard.dll (API version 3944462).
LogModuleManager: Display: Found up-to-date module file ../../../Engine/Plugins/Editor/PluginBrowser/Binaries/Win64/UE4Editor-PluginBrowser.dll (API version 3944462).
LogModuleManager: Display: Found up-to-date module file ../../../Engine/Plugins/Editor/SpeedTreeImporter/Binaries/Win64/UE4Editor-SpeedTreeImporter.dll (API version 3944462).
LogModuleManager: Display: Found up-to-date module file ../../../Engine/Plugins/Enterprise/DatasmithContent/Binaries/Win64/UE4Editor-DatasmithContent.dll (API version 3944462).
LogModuleManager: Display: Found up-to-date module file ../../../Engine/Plugins/Experimental/AlembicImporter/Binaries/Win64/UE4Editor-AlembicImporter.dll (API version 3944462).
LogModuleManager: Display: Found up-to-date module file ../../../Engine/Plugins/Experimental/AlembicImporter/Binaries/Win64/UE4Editor-AlembicLibrary.dll (API version 3944462).
LogModuleManager: Display: Found up-to-date module file ../../../Engine/Plugins/Experimental/CharacterAI/Binaries/Win64/UE4Editor-CharacterAI.dll (API version 3944462).
LogModuleManager: Display: Found up-to-date module file ../../../Engine/Plugins/Experimental/HTML5Networking/Binaries/Win64/UE4Editor-HTML5Networking.dll (API version 3944462).
LogModuleManager: Display: Found up-to-date module file ../../../Engine/Plugins/Media/AndroidMedia/Binaries/Win64/UE4Editor-AndroidMediaEditor.dll (API version 3944462).
LogModuleManager: Display: Found up-to-date module file ../../../Engine/Plugins/Media/AndroidMedia/Binaries/Win64/UE4Editor-AndroidMediaFactory.dll (API version 3944462).
LogModuleManager: Display: Found up-to-date module file ../../../Engine/Plugins/Media/AvfMedia/Binaries/Win64/UE4Editor-AvfMediaEditor.dll (API version 3944462).
LogModuleManager: Display: Found up-to-date module file ../../../Engine/Plugins/Media/AvfMedia/Binaries/Win64/UE4Editor-AvfMediaFactory.dll (API version 3944462).
LogModuleManager: Display: Found up-to-date module file ../../../Engine/Plugins/Media/AvfMedia/Binaries/Win64/UE4Editor-AvfMediaFactory.dll (API version 3944462).
LogModuleManager: Display: Found up-to-date module file ../../../Engine/Plugins/Media/ImgMedia/Binaries/Win64/UE4Editor-ImgMedia.dll (API version 3944462).
LogModuleManager: Display: Found up-to-date module file ../../../Engine/Plugins/Media/ImgMedia/Binaries/Win64/UE4Editor-ImgMediaEditor.dll (API version 3944462).
LogModuleManager: Display: Found up-to-date module file ../../../Engine/Plugins/Media/ImgMedia/Binaries/Win64/UE4Editor-ImgMediaFactory.dll (API version 3944462).
LogModuleManager: Display: Found up-to-date module file ../../../Engine/Plugins/Media/ImgMedia/Binaries/Win64/UE4Editor-ImgMediaFactory.dll (API version 3944462).
LogModuleManager: Display: Found up-to-date module file ../../../Engine/Plugins/Media/ImgMedia/Binaries/Win64/UE4Editor-OpenExrWrapper.dll (API version 3944462).
LogModuleManager: Display: Found up-to-date module file ../../../Engine/Plugins/Media/LinearTimecode/Binaries/Win64/UE4Editor-LinearTimecode.dll (API version 3944462).
LogModuleManager: Display: Found up-to-date module file ../../../Engine/Plugins/Media/MediaCompositing/Binaries/Win64/UE4Editor-MediaCompositing.dll (API version 3944462).
LogModuleManager: Display: Found up-to-date module file ../../../Engine/Plugins/Media/MediaCompositing/Binaries/Win64/UE4Editor-MediaCompositingEditor.dll (API version 3944462).
LogModuleManager: Display: Found up-to-date module file ../../../Engine/Plugins/Media/MediaPlayerEditor/Binaries/Win64/UE4Editor-MediaPlayerEditor.dll (API version 3944462).
LogModuleManager: Display: Found up-to-date module file ../../../Engine/Plugins/Media/WmfMedia/Binaries/Win64/UE4Editor-WmfMedia.dll (API version 3944462).
LogModuleManager: Display: Found up-to-date module file ../../../Engine/Plugins/Media/WmfMedia/Binaries/Win64/UE4Editor-WmfMediaEditor.dll (API version 3944462).
LogModuleManager: Display: Found up-to-date module file ../../../Engine/Plugins/Media/WmfMedia/Binaries/Win64/UE4Editor-WmfMediaFactory.dll (API version 3944462).
LogModuleManager: Display: Found up-to-date module file ../../../Engine/Plugins/Media/WmfMedia/Binaries/Win64/UE4Editor-WmfMediaFactory.dll (API version 3944462).
LogModuleManager: Display: Found up-to-date module file ../../../Engine/Plugins/Messaging/TcpMessaging/Binaries/Win64/UE4Editor-TcpMessaging.dll (API version 3944462).
LogModuleManager: Display: Found up-to-date module file ../../../Engine/Plugins/Messaging/UdpMessaging/Binaries/Win64/UE4Editor-UdpMessaging.dll (API version 3944462).
LogModuleManager: Display: Found up-to-date module file ../../../Engine/Plugins/MovieScene/ActorSequence/Binaries/Win64/UE4Editor-ActorSequence.dll (API version 3944462).
LogModuleManager: Display: Found up-to-date module file ../../../Engine/Plugins/MovieScene/LevelSequenceEditor/Binaries/Win64/UE4Editor-LevelSequenceEditor.dll (API version 3944462).
LogModuleManager: Display: Found up-to-date module file ../../../Engine/Plugins/MovieScene/MatineeToLevelSequence/Binaries/Win64/UE4Editor-MatineeToLevelSequence.dll (API version 3944462).
LogModuleManager: Display: Found up-to-date module file ../../../Engine/Plugins/NetcodeUnitTest/NetcodeUnitTest/Binaries/Win64/UE4Editor-NetcodeUnitTest.dll (API version 3944462).
LogModuleManager: Display: Found up-to-date module file ../../../Engine/Plugins/NetcodeUnitTest/NUTUnrealEngine4/Binaries/Win64/UE4Editor-NUTUnrealEngine4.dll (API version 3944462).
LogModuleManager: Display: Found up-to-date module file ../../../Engine/Plugins/Online/OnlineSubsystem/Binaries/Win64/UE4Editor-OnlineSubsystem.dll (API version 3944462).
LogModuleManager: Display: Found up-to-date module file ../../../Engine/Plugins/Runtime/AndroidPermission/Binaries/Win64/UE4Editor-AndroidPermission.dll (API version 3944462).
LogModuleManager: Display: Found up-to-date module file ../../../Engine/Plugins/Online/OnlineSubsystemNull/Binaries/Win64/UE4Editor-OnlineSubsystemNull.dll (API version 3944462).
LogModuleManager: Display: Found up-to-date module file ../../../Engine/Plugins/Online/OnlineSubsystemUtils/Binaries/Win64/UE4Editor-OnlineSubsystemUtils.dll (API version 3944462).
LogModuleManager: Display: Found up-to-date module file ../../../Engine/Plugins/Online/OnlineSubsystemUtils/Binaries/Win64/UE4Editor-OnlineBlueprintSupport.dll (API version 3944462).
LogModuleManager: Display: Found up-to-date module file ../../../Engine/Plugins/Runtime/AndroidDeviceProfileSelector/Binaries/Win64/UE4Editor-AndroidDeviceProfileSelector.dll (API version 3944462).
LogModuleManager: Display: Found up-to-date module file ../../../Engine/Plugins/Runtime/AppleARKit/Binaries/Win64/UE4Editor-AppleARKit.dll (API version 3944462).
LogModuleManager: Display: Found up-to-date module file ../../../Engine/Plugins/Runtime/ProceduralMeshComponent/Binaries/Win64/UE4Editor-ProceduralMeshComponent.dll (API version 3944462).
LogModuleManager: Display: Found up-to-date module file ../../../Engine/Plugins/Runtime/ProceduralMeshComponent/Binaries/Win64/UE4Editor-ProceduralMeshComponentEditor.dll (API version 3944462).
LogModuleManager: Display: Found up-to-date module file ../../../Engine/Plugins/Animation/LiveLink/Binaries/Win64/UE4Editor-LiveLink.dll (API version 3944462).
LogModuleManager: Display: Found up-to-date module file ../../../Engine/Plugins/Animation/LiveLink/Binaries/Win64/UE4Editor-LiveLinkEditor.dll (API version 3944462).
LogModuleManager: Display: Found up-to-date module file ../../../Engine/Plugins/Runtime/ArchVisCharacter/Binaries/Win64/UE4Editor-ArchVisCharacter.dll (API version 3944462).
LogModuleManager: Display: Found up-to-date module file ../../../Engine/Plugins/Runtime/AudioCapture/Binaries/Win64/UE4Editor-AudioCapture.dll (API version 3944462).
LogModuleManager: Display: Found up-to-date module file ../../../Engine/Plugins/Runtime/AudioCapture/Binaries/Win64/UE4Editor-AudioCaptureEditor.dll (API version 3944462).
LogModuleManager: Display: Found up-to-date module file ../../../Engine/Plugins/Runtime/CableComponent/Binaries/Win64/UE4Editor-CableComponent.dll (API version 3944462).
LogModuleManager: Display: Found up-to-date module file ../../../Engine/Plugins/Runtime/CustomMeshComponent/Binaries/Win64/UE4Editor-CustomMeshComponent.dll (API version 3944462).
LogModuleManager: Display: Found up-to-date module file ../../../Engine/Plugins/Runtime/ExampleDeviceProfileSelector/Binaries/Win64/UE4Editor-ExampleDeviceProfileSelector.dll (API version 3944462).
LogModuleManager: Display: Found up-to-date module file ../../../Engine/Plugins/Runtime/ImmediatePhysics/Binaries/Win64/UE4Editor-ImmediatePhysics.dll (API version 3944462).
LogModuleManager: Display: Found up-to-date module file ../../../Engine/Plugins/Runtime/ImmediatePhysics/Binaries/Win64/UE4Editor-ImmediatePhysicsEditor.dll (API version 3944462).
LogModuleManager: Display: Found up-to-date module file ../../../Engine/Plugins/Runtime/LocationServicesBPLibrary/Binaries/Win64/UE4Editor-LocationServicesBPLibrary.dll (API version 3944462).
LogModuleManager: Display: Found up-to-date module file ../../../Engine/Plugins/Runtime/MobilePatchingUtils/Binaries/Win64/UE4Editor-MobilePatchingUtils.dll (API version 3944462).
LogModuleManager: Display: Found up-to-date module file ../../../Engine/Plugins/Runtime/Oculus/OculusVR/Binaries/Win64/UE4Editor-OculusHMD.dll (API version 3944462).
LogModuleManager: Display: Found up-to-date module file ../../../Engine/Plugins/Runtime/Oculus/OculusVR/Binaries/Win64/UE4Editor-OculusInput.dll (API version 3944462).
LogModuleManager: Display: Found up-to-date module file ../../../Engine/Plugins/Runtime/Oculus/OculusVR/Binaries/Win64/UE4Editor-OculusEditor.dll (API version 3944462).
LogModuleManager: Display: Found up-to-date module file ../../../Engine/Plugins/Runtime/PhysXVehicles/Binaries/Win64/UE4Editor-PhysXVehicles.dll (API version 3944462).
LogModuleManager: Display: Found up-to-date module file ../../../Engine/Plugins/Runtime/PhysXVehicles/Binaries/Win64/UE4Editor-PhysXVehiclesEditor.dll (API version 3944462).
LogModuleManager: Display: Found up-to-date module file ../../../Engine/Plugins/Runtime/RuntimePhysXCooking/Binaries/Win64/UE4Editor-RuntimePhysXCooking.dll (API version 3944462).
LogModuleManager: Display: Found up-to-date module file ../../../Engine/Plugins/Runtime/Steam/SteamVR/Binaries/Win64/UE4Editor-SteamVR.dll (API version 3944462).
LogModuleManager: Display: Found up-to-date module file ../../../Engine/Plugins/Runtime/Steam/SteamVR/Binaries/Win64/UE4Editor-SteamVRController.dll (API version 3944462).
LogModuleManager: Display: Found up-to-date module file ../../../Engine/Plugins/Runtime/WindowsMoviePlayer/Binaries/Win64/UE4Editor-WindowsMoviePlayer.dll (API version 3944462).
LogPluginManager: Mounting plugin Paper2D
LogPluginManager: Mounting plugin LiveLink
LogPluginManager: Mounting plugin LightPropagationVolume
LogPluginManager: Mounting plugin CLionSourceCodeAccess
LogPluginManager: Mounting plugin CodeLiteSourceCodeAccess
LogPluginManager: Mounting plugin GitSourceControl
LogPluginManager: Mounting plugin KDevelopSourceCodeAccess
LogPluginManager: Mounting plugin NullSourceCodeAccess
LogPluginManager: Mounting plugin PerforceSourceControl
LogPluginManager: Mounting plugin SubversionSourceControl
LogPluginManager: Mounting plugin UObjectPlugin
LogPluginManager: Mounting plugin VisualStudioCodeSourceCodeAccess
LogPluginManager: Mounting plugin VisualStudioSourceCodeAccess
LogPluginManager: Mounting plugin XCodeSourceCodeAccess
LogPluginManager: Mounting plugin AssetManagerEditor
LogPluginManager: Mounting plugin CryptoKeys
LogPluginManager: Mounting plugin DataValidation
LogPluginManager: Mounting plugin FacialAnimation
LogPluginManager: Mounting plugin GameplayTagsEditor
LogPluginManager: Mounting plugin MobileLauncherProfileWizard
LogPluginManager: Mounting plugin PluginBrowser
LogPluginManager: Mounting plugin SpeedTreeImporter
LogPluginManager: Mounting plugin DatasmithContent
LogPluginManager: Mounting plugin AlembicImporter
LogPluginManager: Mounting plugin CharacterAI
LogPluginManager: Mounting plugin HTML5Networking
LogPluginManager: Mounting plugin AndroidMedia
LogPluginManager: Mounting plugin AvfMedia
LogPluginManager: Mounting plugin ImgMedia
LogPluginManager: Mounting plugin LinearTimecode
LogPluginManager: Mounting plugin MediaCompositing
LogPluginManager: Mounting plugin MediaPlayerEditor
LogPluginManager: Mounting plugin WmfMedia
LogPluginManager: Mounting plugin TcpMessaging
LogPluginManager: Mounting plugin UdpMessaging
LogPluginManager: Mounting plugin ActorSequence
LogPluginManager: Mounting plugin LevelSequenceEditor
LogPluginManager: Mounting plugin MatineeToLevelSequence
LogPluginManager: Mounting plugin NetcodeUnitTest
LogPluginManager: Mounting plugin NUTUnrealEngine4
LogPluginManager: Mounting plugin OnlineSubsystemGooglePlay
LogPluginManager: Mounting plugin OnlineSubsystemIOS
LogPluginManager: Mounting plugin OnlineSubsystem
LogPluginManager: Mounting plugin OnlineSubsystemNull
LogPluginManager: Mounting plugin OnlineSubsystemUtils
LogPluginManager: Mounting plugin AndroidDeviceProfileSelector
LogPluginManager: Mounting plugin AndroidMoviePlayer
LogPluginManager: Mounting plugin AndroidPermission
LogPluginManager: Mounting plugin AppleARKit
LogPluginManager: Mounting plugin AppleMoviePlayer
LogPluginManager: Mounting plugin ArchVisCharacter
LogPluginManager: Mounting plugin AudioCapture
LogPluginManager: Mounting plugin CableComponent
LogPluginManager: Mounting plugin CustomMeshComponent
LogPluginManager: Mounting plugin ExampleDeviceProfileSelector
LogPluginManager: Mounting plugin GoogleCloudMessaging
LogPluginManager: Mounting plugin ImmediatePhysics
LogPluginManager: Mounting plugin IOSDeviceProfileSelector
LogPluginManager: Mounting plugin LinuxDeviceProfileSelector
LogPluginManager: Mounting plugin LocationServicesBPLibrary
LogPluginManager: Mounting plugin MobilePatchingUtils
LogPluginManager: Mounting plugin OculusVR
LogPluginManager: Plugin shader directory ../../../Engine/Plugins/Runtime/Oculus/OculusVR/Shaders found
LogPluginManager: Mapping shader source directory ../../../Engine/Plugins/Runtime/Oculus/OculusVR/Shaders to virtual directory /Plugin/OculusVR
LogPluginManager: Mounting plugin PhysXVehicles
LogPluginManager: Mounting plugin ProceduralMeshComponent
LogPluginManager: Mounting plugin RuntimePhysXCooking
LogPluginManager: Mounting plugin SteamVR
LogPluginManager: Mounting plugin WindowsMoviePlayer
LogStreaming: Display: Took  0.615s to configure plugins.
LogInit: Using libcurl 7.47.1
LogInit:  - built for x86_64-pc-win32
LogInit:  - supports SSL with OpenSSL/1.0.2g
LogInit:  - supports HTTP deflate (compression) using libz 1.2.8
LogInit:  - other features:
LogInit:      CURL_VERSION_SSL
LogInit:      CURL_VERSION_LIBZ
LogInit:      CURL_VERSION_IPV6
LogInit:      CURL_VERSION_ASYNCHDNS
LogInit:      CURL_VERSION_LARGEFILE
LogInit:      CURL_VERSION_IDN
LogInit:  CurlRequestOptions (configurable via config and command line):
LogInit:  - bVerifyPeer = false  - Libcurl will NOT verify peer certificate
LogInit:  - bUseHttpProxy = false  - Libcurl will NOT use HTTP proxy
LogInit:  - bDontReuseConnections = false  - Libcurl will reuse connections
LogInit:  - CertBundlePath = nullptr  - Libcurl will use whatever was configured at build time.
LogInit:  - MaxHostConnections = 16  - Libcurl will limit the number of connections to a host
LogInit:  - LocalHostAddr = Default
LogInit: WinSock: version 1.1 (2.2), MaxSocks=32767, MaxUdp=65467
LogInit: WinSock: I am PCCG-PC (192.168.0.14:0)
LogInit: Build: ++UE4+Release-4.19-CL-3944462
LogInit: Engine Version: 4.19.0-3944462+++UE4+Release-4.19
LogInit: Compatible Engine Version: 4.19.0-3944462+++UE4+Release-4.19
LogInit: Net CL: 3944462
LogDevObjectVersion: Number of dev versions registered: 18
LogDevObjectVersion:   Dev-Blueprints (B0D832E4-1F89-4F0D-ACCF-7EB736FD4AA2): 10
LogDevObjectVersion:   Dev-Build (E1C64328-A22C-4D53-A36C-8E866417BD8C): 0
LogDevObjectVersion:   Dev-Core (375EC13C-06E4-48FB-B500-84F0262A717E): 2
LogDevObjectVersion:   Dev-Editor (E4B068ED-F494-42E9-A231-DA0B2E46BB41): 23
LogDevObjectVersion:   Dev-Framework (CFFC743F-43B0-4480-9391-14DF171D2073): 33
LogDevObjectVersion:   Dev-Mobile (B02B49B5-BB20-44E9-A304-32B752E40360): 2
LogDevObjectVersion:   Dev-Networking (A4E4105C-59A1-49B5-A7C5-40C4547EDFEE): 0
LogDevObjectVersion:   Dev-Online (39C831C9-5AE6-47DC-9A44-9C173E1C8E7C): 0
LogDevObjectVersion:   Dev-Physics (78F01B33-EBEA-4F98-B9B4-84EACCB95AA2): 0
LogDevObjectVersion:   Dev-Platform (6631380F-2D4D-43E0-8009-CF276956A95A): 0
LogDevObjectVersion:   Dev-Rendering (12F88B9F-8875-4AFC-A67C-D90C383ABD29): 25
LogDevObjectVersion:   Dev-Sequencer (7B5AE74C-D270-4C10-A958-57980B212A5A): 6
LogDevObjectVersion:   Dev-VR (D7296918-1DD6-4BDD-9DE2-64A83CC13884): 1
LogDevObjectVersion:   Dev-LoadTimes (C2A15278-BFE7-4AFE-6C17-90FF531DF755): 1
LogDevObjectVersion:   Private-Geometry (6EACA3D4-40EC-4CC1-B786-8BED09428FC5): 2
LogDevObjectVersion:   Dev-AnimPhys (29E575DD-E0A3-4627-9D10-D276232CDCEA): 16
LogDevObjectVersion:   Dev-ReflectionCapture (6B266CEC-1EC7-4B8F-A30B-E4D90942FC07): 1
LogDevObjectVersion:   Dev-Automation (0DF73D61-A23F-47EA-B727-89E90C41499A): 1
LogInit: Compiled (64-bit): Mar 13 2018 23:12:32
LogInit: Compiled with Visual C++: 19.00.24215.01
LogInit: Build Configuration: Development
LogInit: Branch Name: ++UE4+Release-4.19
LogInit: Command Line: 
LogInit: Base Directory: D:/Unreal/UE_4.19/Engine/Binaries/Win64/
LogInit: Installed Engine Build: 1
LogStreaming: Display: Took  0.001s to delete old logs.
LogInit: Presizing for max 8388607 objects, including 0 objects not considered by GC, pre-allocating 0 bytes for permanent pool.
LogInit: Object subsystem initialized
[2018.03.25-22.33.36:228][  0]LogInit: Selected Device Profile: [Windows]
[2018.03.25-22.33.36:228][  0]LogInit: Applying CVar settings loaded from the selected device profile: [Windows]
[2018.03.25-22.33.36:235][  0]LogInit: Computer: PCCG-PC
[2018.03.25-22.33.36:235][  0]LogInit: User: User
[2018.03.25-22.33.36:235][  0]LogInit: CPU Page size=4096, Cores=4
[2018.03.25-22.33.36:235][  0]LogInit: High frequency timer resolution =4.101558 MHz
[2018.03.25-22.33.36:235][  0]LogMemory: Memory total: Physical=16.0GB (16GB approx)
[2018.03.25-22.33.36:235][  0]LogMemory: Platform Memory Stats for Windows
[2018.03.25-22.33.36:235][  0]LogMemory: Process Physical Memory: 274.55 MB used, 274.55 MB peak
[2018.03.25-22.33.36:236][  0]LogMemory: Process Virtual Memory: 264.79 MB used, 264.79 MB peak
[2018.03.25-22.33.36:236][  0]LogMemory: Physical Memory: 6295.36 MB used,  10044.43 MB free, 16339.79 MB total
[2018.03.25-22.33.36:236][  0]LogMemory: Virtual Memory: 697.77 MB used,  10044.43 MB free, 134217728.00 MB total
[2018.03.25-22.33.36:429][  0]LogInit: Using OS detected language (en-US).
[2018.03.25-22.33.36:429][  0]LogInit: Using OS detected locale (en-US).
[2018.03.25-22.33.36:434][  0]LogTextLocalizationManager: No specific localization for 'en-US' exists, so the 'en' localization will be used.
[2018.03.25-22.33.36:756][  0]LogStreaming: Display: Took  0.327s to EndInitTextLocalization.
[2018.03.25-22.33.36:756][  0]LogInit: Setting process to per monitor DPI aware
[2018.03.25-22.33.36:782][  0]LogSlate: New Slate User Created.  User Index 0, Is Virtual User: 0
[2018.03.25-22.33.36:782][  0]LogSlate: Slate User Registered.  User Index 0, Is Virtual User: 0
[2018.03.25-22.33.37:056][  0]LogD3D11RHI: D3D11 adapters:
[2018.03.25-22.33.37:085][  0]LogD3D11RHI:    0. 'NVIDIA GeForce GTX 1080' (Feature Level 11_0)
[2018.03.25-22.33.37:085][  0]LogD3D11RHI:       8086/0/8169 MB DedicatedVideo/DedicatedSystem/SharedSystem, Outputs:2, VendorId:0x10de
[2018.03.25-22.33.37:088][  0]LogD3D11RHI:    1. 'Microsoft Basic Render Driver' (Feature Level 11_0)
[2018.03.25-22.33.37:088][  0]LogD3D11RHI:       0/0/8169 MB DedicatedVideo/DedicatedSystem/SharedSystem, Outputs:0, VendorId:0x1414
[2018.03.25-22.33.37:088][  0]LogD3D11RHI: Chosen D3D11 Adapter: 0
[2018.03.25-22.33.37:093][  0]LogD3D11RHI: Creating new Direct3DDevice
[2018.03.25-22.33.37:093][  0]LogD3D11RHI:     GPU DeviceId: 0x1b80 (for the marketing name, search the web for "GPU Device Id")
[2018.03.25-22.33.37:093][  0]LogWindows: EnumDisplayDevices:
[2018.03.25-22.33.37:093][  0]LogWindows:    0. 'NVIDIA GeForce GTX 1080' (P:0 D:1)
[2018.03.25-22.33.37:093][  0]LogWindows:    1. 'NVIDIA GeForce GTX 1080' (P:1 D:1)
[2018.03.25-22.33.37:093][  0]LogWindows:    2. 'NVIDIA GeForce GTX 1080' (P:0 D:0)
[2018.03.25-22.33.37:093][  0]LogWindows:    3. 'NVIDIA GeForce GTX 1080' (P:0 D:0)
[2018.03.25-22.33.37:093][  0]LogWindows: DebugString: GetVideoDriverDetailsInvalid PrimaryIsNotTheChoosenAdapter GetVideoDriverDetailsInvalid PrimaryIsNotTheChoosenAdapter GetVideoDriverDetailsInvalid PrimaryIsNotTheChoosenAdapter GetVideoDriverDetailsInvalid PrimaryIsNotTheChoosenAdapter FoundDriverCount:0 
[2018.03.25-22.33.37:093][  0]LogD3D11RHI:     Adapter Name: NVIDIA GeForce GTX 1080
[2018.03.25-22.33.37:093][  0]LogD3D11RHI:   Driver Version: Unknown (internal:Unknown, unified:Unknown)
[2018.03.25-22.33.37:093][  0]LogD3D11RHI:      Driver Date: Unknown
[2018.03.25-22.33.37:093][  0]LogRHI: Texture pool is 5660 MB (70% of 8086 MB)
[2018.03.25-22.33.37:111][  0]LogD3D11RHI: [Aftermath] Aftermath enabled but failed to initialize
[2018.03.25-22.33.37:111][  0]LogD3D11RHI: Async texture creation enabled
[2018.03.25-22.33.37:127][  0]LogD3D11RHI: GPU Timing Frequency: 1000.000000 (Debug: 2 1)
[2018.03.25-22.33.37:223][  0]LogShaderCompilers: Guid format shader working directory is -20 characters bigger than the processId version (C:/Users/User/Documents/GitHub/GDS220OneHappyFamily/Control 4.19/Intermediate/Shaders/WorkingDirectory/14248/).
[2018.03.25-22.33.37:223][  0]LogShaderCompilers: Cleaned the shader compiler working directory 'C:/Users/User/AppData/Local/Temp/UnrealShaderWorkingDir/99D6DC8044ECF5D8F6D5A68A26EE11C9/'.
[2018.03.25-22.33.37:399][  0]LogTemp: Display: Loaded TP AllDesktopTargetPlatform
[2018.03.25-22.33.37:409][  0]LogTemp: Display: Loaded TP MacClientTargetPlatform
[2018.03.25-22.33.37:420][  0]LogTemp: Display: Loaded TP MacNoEditorTargetPlatform
[2018.03.25-22.33.37:430][  0]LogTemp: Display: Loaded TP MacServerTargetPlatform
[2018.03.25-22.33.37:444][  0]LogTemp: Display: Loaded TP MacTargetPlatform
[2018.03.25-22.33.37:455][  0]LogTemp: Display: Loaded TP WindowsClientTargetPlatform
[2018.03.25-22.33.37:465][  0]LogTemp: Display: Loaded TP WindowsNoEditorTargetPlatform
[2018.03.25-22.33.37:476][  0]LogTemp: Display: Loaded TP WindowsServerTargetPlatform
[2018.03.25-22.33.37:480][  0]LogTemp: Display: Loaded TP WindowsTargetPlatform
[2018.03.25-22.33.37:494][  0]LogTemp: Display: Loaded TP Android_ASTCTargetPlatform
[2018.03.25-22.33.37:504][  0]LogTemp: Display: Loaded TP Android_ATCTargetPlatform
[2018.03.25-22.33.37:515][  0]LogTemp: Display: Loaded TP Android_DXTTargetPlatform
[2018.03.25-22.33.37:525][  0]LogTemp: Display: Loaded TP Android_ETC1aTargetPlatform
[2018.03.25-22.33.37:535][  0]LogTemp: Display: Loaded TP Android_ETC1TargetPlatform
[2018.03.25-22.33.37:546][  0]LogTemp: Display: Loaded TP Android_ETC2TargetPlatform
[2018.03.25-22.33.37:570][  0]LogTemp: Display: Loaded TP Android_MultiTargetPlatform
[2018.03.25-22.33.37:570][  0]LogTemp: Display: Loaded TP Android_PVRTCTargetPlatform
[2018.03.25-22.33.37:584][  0]LogTemp: Display: Loaded TP AndroidTargetPlatform
[2018.03.25-22.33.37:585][  0]LogTemp: Display: Loaded TP HTML5TargetPlatform
[2018.03.25-22.33.37:621][  0]LogTemp: Display: Loaded TP IOSTargetPlatform
[2018.03.25-22.33.37:630][  0]LogTemp: Display: Loaded TP TVOSTargetPlatform
[2018.03.25-22.33.37:640][  0]LogTemp: Display: Loaded TP LinuxClientTargetPlatform
[2018.03.25-22.33.37:650][  0]LogTemp: Display: Loaded TP LinuxNoEditorTargetPlatform
[2018.03.25-22.33.37:660][  0]LogTemp: Display: Loaded TP LinuxServerTargetPlatform
[2018.03.25-22.33.37:674][  0]LogTemp: Display: Loaded TP LinuxTargetPlatform
[2018.03.25-22.33.37:674][  0]LogTargetPlatformManager: Display: Building Assets For Windows
[2018.03.25-22.33.37:744][  0]LogXGEController: Cannot use XGE Controller as Incredibuild is not installed on this machine.
[2018.03.25-22.33.37:744][  0]LogShaderCompilers: Cannot use XGE Shader Compiler as Incredibuild is not installed on this machine.
[2018.03.25-22.33.37:744][  0]LogShaderCompilers: Display: Using Local Shader Compiler.
[2018.03.25-22.33.38:249][  0]LogDerivedDataCache: Display: Max Cache Size: 512 MB
[2018.03.25-22.33.38:303][  0]LogDerivedDataCache: Loaded boot cache 0.05s 74MB C:/Users/User/AppData/Local/UnrealEngine/4.19/DerivedDataCache/Boot.ddc.
[2018.03.25-22.33.38:303][  0]LogDerivedDataCache: Display: Loaded Boot cache: C:/Users/User/AppData/Local/UnrealEngine/4.19/DerivedDataCache/Boot.ddc
[2018.03.25-22.33.38:303][  0]LogDerivedDataCache: FDerivedDataBackendGraph:  Pak pak cache file C:/Users/User/Documents/GitHub/GDS220OneHappyFamily/Control 4.19/DerivedDataCache/DDC.ddp not found, will not use a pak cache.
[2018.03.25-22.33.38:303][  0]LogDerivedDataCache: Unable to find inner node Pak for hierarchical cache Hierarchy.
[2018.03.25-22.33.38:303][  0]LogDerivedDataCache: FDerivedDataBackendGraph:  CompressedPak pak cache file C:/Users/User/Documents/GitHub/GDS220OneHappyFamily/Control 4.19/DerivedDataCache/Compressed.ddp not found, will not use a pak cache.
[2018.03.25-22.33.38:303][  0]LogDerivedDataCache: Unable to find inner node CompressedPak for hierarchical cache Hierarchy.
[2018.03.25-22.33.38:315][  0]LogDerivedDataCache: Display: Pak cache opened for reading ../../../Engine/DerivedDataCache/Compressed.ddp.
[2018.03.25-22.33.38:327][  0]LogDerivedDataCache: Using Local data cache path C:/Users/User/AppData/Local/UnrealEngine/Common/DerivedDataCache: Writable
[2018.03.25-22.33.38:335][  0]LogMaterial: Verifying Global Shaders for PCD3D_SM5
[2018.03.25-22.33.38:335][  0]LogSlate: Using Freetype 2.6.0
[2018.03.25-22.33.38:336][  0]LogSlate: SlateFontCache - WITH_FREETYPE: 1, WITH_HARFBUZZ: 1
[2018.03.25-22.33.38:336][  0]LogSlate: SlateFontCache - WITH_FREETYPE: 1, WITH_HARFBUZZ: 1
[2018.03.25-22.33.38:440][  0]LogAssetRegistry: FAssetRegistry took 0.0246 seconds to start up
[2018.03.25-22.33.38:671][  0]LogInit: Selected Device Profile: [Windows]
[2018.03.25-22.33.38:780][  0]LogSimplygon: Simplygon DLL not present - disabling.
[2018.03.25-22.33.38:782][  0]LogMeshReduction: Using SimplygonSwarm for distributed automatic mesh merging
[2018.03.25-22.33.38:782][  0]LogMeshReduction: Using QuadricMeshReduction for automatic static mesh reduction
[2018.03.25-22.33.38:782][  0]LogMeshReduction: No automatic skeletal mesh reduction module available
[2018.03.25-22.33.38:782][  0]LogMeshReduction: No automatic mesh merging module available
[2018.03.25-22.33.38:782][  0]LogMeshMerging: No automatic mesh merging module available
[2018.03.25-22.33.38:804][  0]LogNetVersion: Control , NetCL: 3944462, EngineNetVer: 2, GameNetVer: 0 (Checksum: 605790990)
[2018.03.25-22.33.39:148][  0]LogPackageLocalizationCache: Processed 9 localized package path(s) for 2 prioritized culture(s) in 0.057609 seconds
[2018.03.25-22.33.39:152][  0]LogUObjectArray: 36728 objects as part of root set at end of initial load.
[2018.03.25-22.33.39:152][  0]LogUObjectAllocator: 7314304 out of 0 bytes used by permanent object pool.
[2018.03.25-22.33.39:153][  0]LogUObjectArray: CloseDisregardForGC: 0/0 objects in disregard for GC pool
[2018.03.25-22.33.40:868][  0]LogTcpMessaging: Initializing TcpMessaging bridge
[2018.03.25-22.33.40:893][  0]LogUdpMessaging: Initializing bridge on interface 0.0.0.0:0 to multicast group 230.0.0.1:6666.
[2018.03.25-22.33.41:136][  0]SourceControl: Source control is disabled
[2018.03.25-22.33.41:136][  0]SourceControl: Source control is disabled
[2018.03.25-22.33.41:147][  0]SourceControl: Source control is disabled
[2018.03.25-22.33.41:158][  0]SourceControl: Source control is disabled
[2018.03.25-22.33.41:498][  0]LogAndroidPermission: UAndroidPermissionCallbackProxy::GetInstance
[2018.03.25-22.33.41:627][  0]LogOcInput: OculusInput pre-init called
[2018.03.25-22.33.41:701][  0]LogEngine: Initializing Engine...
[2018.03.25-22.33.41:704][  0]LogHMD: Failed to initialize OpenVR with code 105
[2018.03.25-22.33.41:706][  0]LogStats: UGameplayTagsManager::ConstructGameplayTagTree: Construct from data asset -  0.000 s
[2018.03.25-22.33.41:706][  0]LogStats: UGameplayTagsManager::ConstructGameplayTagTree: GameplayTagTreeChangedEvent.Broadcast -  0.000 s
[2018.03.25-22.33.41:864][  0]LogAIModule: Creating AISystem for world Untitled
[2018.03.25-22.33.41:882][  0]LogInit: XAudio2 using 'Speakers (Realtek High Definition Audio)' : 6 channels at 48 kHz using 32 bits per sample (channel mask 0x3f)
[2018.03.25-22.33.41:909][  0]LogInit: FAudioDevice initialized.
[2018.03.25-22.33.41:975][  0]LogDerivedDataCache: Saved boot cache 0.07s 74MB C:/Users/User/AppData/Local/UnrealEngine/4.19/DerivedDataCache/Boot.ddc.
[2018.03.25-22.33.41:982][  0]LogInit: Texture streaming: Enabled
[2018.03.25-22.33.41:992][  0]LogEngineSessionManager: EngineSessionManager initialized
[2018.03.25-22.33.42:000][  0]LogInit: Transaction tracking system initialized
[2018.03.25-22.33.42:016][  0]BlueprintLog: New page: Editor Load
[2018.03.25-22.33.42:088][  0]LocalizationService: Localization service is disabled
[2018.03.25-22.33.42:154][  0]LogConsoleResponse: Display: 
[2018.03.25-22.33.42:264][  0]LogCook: Display: Max memory allowance for cook 16384mb min free memory 0mb
[2018.03.25-22.33.42:264][  0]LogCook: Display: Mobile HDR setting 1
[2018.03.25-22.33.42:264][  0]LogGameplayTags: Display: UGameplayTagsManager::DoneAddingNativeTags. DelegateIsBound: 0
[2018.03.25-22.33.42:264][  0]LogStats: UGameplayTagsManager::ConstructGameplayTagTree: Construct from data asset -  0.000 s
[2018.03.25-22.33.42:264][  0]LogStats: UGameplayTagsManager::ConstructGameplayTagTree: GameplayTagTreeChangedEvent.Broadcast -  0.000 s
[2018.03.25-22.33.42:431][  0]LogFileCache: Scanning file cache for directory 'C:/Users/User/Documents/GitHub/GDS220OneHappyFamily/Control 4.19/Content/' took 0.01s
[2018.03.25-22.33.42:538][  0]SourceControl: Source control is disabled
[2018.03.25-22.33.42:538][  0]Cmd: MAP LOAD FILE="C:/Users/User/Documents/GitHub/GDS220OneHappyFamily/Control 4.19/Content/SideScrollerBP/Maps/SideScrollerExampleMap.umap" TEMPLATE=0 SHOWPROGRESS=1 FEATURELEVEL=3
[2018.03.25-22.33.42:539][  0]LightingResults: New page: Lighting Build
[2018.03.25-22.33.42:540][  0]MapCheck: New page: Map Check
[2018.03.25-22.33.42:540][  0]LightingResults: New page: Lighting Build
[2018.03.25-22.33.42:889][  0]LogSkeletalMesh: Skeletal Mesh found in DDC [9.712407ms] /Game/Mannequin/Character/Mesh/SK_Mannequin.SK_Mannequin
[2018.03.25-22.33.42:915][  0]LogAIModule: Creating AISystem for world SideScrollerExampleMap
[2018.03.25-22.33.43:012][  0]LogEditorServer: Finished looking for orphan Actors (0.000 secs)
[2018.03.25-22.33.43:041][  0]Cmd: MAP CHECKDEP NOCLEARLOG
[2018.03.25-22.33.43:113][  0]MapCheck: Map check complete: 0 Error(s), 0 Warning(s), took 71.433ms to complete.
[2018.03.25-22.33.43:113][  0]LogFileHelpers: Loading map 'SideScrollerExampleMap' took 0.575
[2018.03.25-22.33.43:265][  0]LogWindowsTextInputMethodSystem: Display: IME system now deactivated.
[2018.03.25-22.33.43:832][  0]LogCollectionManager: Loaded 0 collections in 0.002055 seconds
[2018.03.25-22.33.43:982][  0]LogFileCache: Scanning file cache for directory 'C:/Users/User/Documents/GitHub/GDS220OneHappyFamily/Control 4.19/Saved/Collections/' took 0.01s
[2018.03.25-22.33.43:982][  0]LogFileCache: Scanning file cache for directory 'C:/Users/User/Documents/GitHub/GDS220OneHappyFamily/Control 4.19/Content/Developers/User/Collections/' took 0.01s
[2018.03.25-22.33.43:982][  0]LogFileCache: Scanning file cache for directory 'C:/Users/User/Documents/GitHub/GDS220OneHappyFamily/Control 4.19/Content/Collections/' took 0.01s
[2018.03.25-22.33.43:982][  0]LogCollectionManager: Rebuilt the GUID cache for 0 collections in 0.000000 seconds
[2018.03.25-22.33.43:999][  0]LogContentBrowser: Native class hierarchy populated in 0.0150 seconds. Added 2452 classes and 558 folders.
[2018.03.25-22.33.44:058][  0]LogContentBrowser: Native class hierarchy updated for 'WidgetCarousel' in 0.0002 seconds. Added 0 classes and 0 folders.
[2018.03.25-22.33.45:288][  0]LogContentBrowser: Native class hierarchy updated for 'AddContentDialog' in 0.0002 seconds. Added 0 classes and 0 folders.
[2018.03.25-22.33.45:338][  0]LogContentBrowser: Native class hierarchy updated for 'SceneOutliner' in 0.0002 seconds. Added 1 classes and 2 folders.
[2018.03.25-22.33.45:668][  0]LogSlate: Took 0.000302 seconds to synchronously load lazily loaded font '../../../Engine/Content/Slate/Fonts/Roboto-Regular.ttf' (155K)
[2018.03.25-22.33.45:670][  0]LogSlate: Took 0.001065 seconds to synchronously load lazily loaded font '../../../Engine/Content/Slate/Fonts/Roboto-Bold.ttf' (160K)
[2018.03.25-22.33.45:710][  0]LogSlate: Took 0.007876 seconds to synchronously load lazily loaded font '../../../Engine/Content/Editor/Slate/Fonts/FontAwesome.ttf' (139K)
[2018.03.25-22.33.46:238][  0]LogRenderer: Reallocating scene render targets to support 1208x576 Format 10 NumSamples 1 (Frame:1).
[2018.03.25-22.33.46:490][  0]LogContentBrowser: Native class hierarchy updated for 'HierarchicalLODOutliner' in 0.0002 seconds. Added 0 classes and 0 folders.
[2018.03.25-22.33.46:490][  0]LogLoad: (Engine Initialization) Total time: 11.89 seconds
[2018.03.25-22.33.46:490][  0]LogLoad: (Engine Initialization) Total Blueprint compile time: 0.00 seconds
[2018.03.25-22.33.46:512][  0]LogAssetRegistry: Asset discovery search completed in 8.0940 seconds
[2018.03.25-22.33.46:514][  0]LogCollectionManager: Rebuilt the object cache for 0 collections in 0.000000 seconds (found 0 objects)
[2018.03.25-22.33.46:514][  0]LogCollectionManager: Fixed up redirectors for 0 collections in 0.000034 seconds (updated 0 objects)
[2018.03.25-22.33.46:524][  0]LogContentStreaming: Texture pool size now 1000 MB
[2018.03.25-22.33.46:663][  0]LogSlate: Took 0.014230 seconds to synchronously load lazily loaded font '../../../Engine/Content/Slate/Fonts/Roboto-Light.ttf' (167K)
[2018.03.25-22.34.00:225][ 59]LogSlate: Took 0.000206 seconds to synchronously load lazily loaded font '../../../Engine/Content/Slate/Fonts/Roboto-Light.ttf' (167K)
[2018.03.25-22.34.00:293][ 59]LogAssetTools: Warning: Failed to import 'C:\Users\User\Documents\GitHub\GDS220OneHappyFamily\Sol's Blender Models\Basic_Spikes.blend1'. Unknown extension 'blend1'.
[2018.03.25-22.34.00:312][ 59]LogFactory: FactoryCreateFile: StaticMesh with FbxFactory (0 0 C:\Users\User\Documents\GitHub\GDS220OneHappyFamily\Sol's Blender Models\Basic_Spikes.fbx)
[2018.03.25-22.34.00:452][ 59]LogFbx: ItemName: GlobalSettings, ItemCount : 1
[2018.03.25-22.34.00:452][ 59]LogFbx: ItemName: Geometry, ItemCount : 7
[2018.03.25-22.34.00:452][ 59]LogFbx: ItemName: Model, ItemCount : 7
[2018.03.25-22.34.00:452][ 59]LogFbx: ItemName: Material, ItemCount : 2
[2018.03.25-22.34.00:467][ 59]LogFbx: Loading FBX Scene from C:\Users\User\Documents\GitHub\GDS220OneHappyFamily\Sol's Blender Models\Basic_Spikes.fbx
[2018.03.25-22.34.00:481][ 59]LogFbx: FBX Scene Loaded Succesfully
[2018.03.25-22.34.00:811][ 59]LogSlate: FSceneViewport::OnFocusLost() reason 2
[2018.03.25-22.34.07:529][ 59]LogSlate: Window 'FBX Import Options' being destroyed
[2018.03.25-22.34.07:585][ 59]LogFbx: Loading FBX Scene from C:\Users\User\Documents\GitHub\GDS220OneHappyFamily\Sol's Blender Models\Basic_Spikes.fbx
[2018.03.25-22.34.07:591][ 59]LogFbx: FBX Scene Loaded Succesfully
[2018.03.25-22.34.07:635][ 59]LogMaterial: Missing cached shader map for material Red_d_Spike, compiling. 
[2018.03.25-22.34.07:680][ 59]LogFbx: Warning: Triangulating static mesh Cone.006
[2018.03.25-22.34.07:683][ 59]LogStaticMesh: Building static mesh Basic_Spikes_Cone_006...
[2018.03.25-22.34.07:704][ 59]LogShaderCompilers: Display: Shaders left to compile 22
[2018.03.25-22.34.07:704][ 59]LogShaderCompilers: Display: Shaders left to compile 12
[2018.03.25-22.34.07:704][ 59]LogShaderCompilers: Display: Shaders left to compile 2
[2018.03.25-22.34.07:704][ 59]LogStaticMesh: Built static mesh [0.02s] /Game/SideScrollerBP/TEST_ASSETS/Basic_Spikes_Cone_006.Basic_Spikes_Cone_006
[2018.03.25-22.34.07:789][ 59]LogFbx: Warning: Triangulating static mesh Cone.005
[2018.03.25-22.34.07:791][ 59]LogStaticMesh: Building static mesh Basic_Spikes_Cone_005...
[2018.03.25-22.34.07:791][ 59]LogStaticMesh: Built static mesh [0.00s] /Game/SideScrollerBP/TEST_ASSETS/Basic_Spikes_Cone_005.Basic_Spikes_Cone_005
[2018.03.25-22.34.07:796][ 59]LogFbx: Warning: Triangulating static mesh Cone.004
[2018.03.25-22.34.07:796][ 59]LogStaticMesh: Building static mesh Basic_Spikes_Cone_004...
[2018.03.25-22.34.07:797][ 59]LogStaticMesh: Built static mesh [0.00s] /Game/SideScrollerBP/TEST_ASSETS/Basic_Spikes_Cone_004.Basic_Spikes_Cone_004
[2018.03.25-22.34.07:803][ 59]LogMaterial: Missing cached shader map for material Spike, compiling. 
[2018.03.25-22.34.07:810][ 59]LogShaderCompilers: Display: Shaders left to compile 22
[2018.03.25-22.34.07:810][ 59]LogFbx: Warning: Triangulating static mesh Cone.003
[2018.03.25-22.34.07:811][ 59]LogStaticMesh: Building static mesh Basic_Spikes_Cone_003...
[2018.03.25-22.34.07:811][ 59]LogStaticMesh: Built static mesh [0.00s] /Game/SideScrollerBP/TEST_ASSETS/Basic_Spikes_Cone_003.Basic_Spikes_Cone_003
[2018.03.25-22.34.07:815][ 59]LogFbx: Warning: Triangulating static mesh Cone.002
[2018.03.25-22.34.07:816][ 59]LogStaticMesh: Building static mesh Basic_Spikes_Cone_002...
[2018.03.25-22.34.07:817][ 59]LogStaticMesh: Built static mesh [0.00s] /Game/SideScrollerBP/TEST_ASSETS/Basic_Spikes_Cone_002.Basic_Spikes_Cone_002
[2018.03.25-22.34.07:821][ 59]LogFbx: Warning: Triangulating static mesh Cone.001
[2018.03.25-22.34.07:822][ 59]LogStaticMesh: Building static mesh Basic_Spikes_Cone_001...
[2018.03.25-22.34.07:822][ 59]LogStaticMesh: Built static mesh [0.00s] /Game/SideScrollerBP/TEST_ASSETS/Basic_Spikes_Cone_001.Basic_Spikes_Cone_001
[2018.03.25-22.34.07:827][ 59]LogFbx: Warning: Triangulating static mesh Cone
[2018.03.25-22.34.07:828][ 59]LogStaticMesh: Building static mesh Basic_Spikes_Cone...
[2018.03.25-22.34.07:828][ 59]LogStaticMesh: Built static mesh [0.00s] /Game/SideScrollerBP/TEST_ASSETS/Basic_Spikes_Cone.Basic_Spikes_Cone
[2018.03.25-22.34.07:860][ 59]FBXImport: Warning: No smoothing group information was found in this FBX scene.  Please make sure to enable the 'Export Smoothing Groups' option in the FBX Exporter plug-in before exporting the file.  Even for tools that don't support smoothing groups, the FBX Exporter will generate appropriate smoothing data at export-time so that correct vertex normals can be inferred while importing. 
[2018.03.25-22.34.09:416][199]LogShaderCompilers: Display: Shaders left to compile 12
[2018.03.25-22.34.10:796][353]LogShaderCompilers: Display: Shaders left to compile 2
[2018.03.25-22.34.13:417][664]LogSlate: Window 'Message Log' being destroyed
[2018.03.25-22.34.13:420][664]LogSlate: Window 'Message Log' being destroyed
[2018.03.25-22.34.23:725][745]LogSlate: Window 'Delete Assets' being destroyed
[2018.03.25-22.35.08:116][325]LogFactory: FactoryCreateFile: StaticMesh with FbxFactory (0 0 C:\Users\User\Documents\GitHub\GDS220OneHappyFamily\Sol's Blender Models\Basic_Spikes.fbx)
[2018.03.25-22.35.08:120][325]LogFbx: ItemName: GlobalSettings, ItemCount : 1
[2018.03.25-22.35.08:120][325]LogFbx: ItemName: Geometry, ItemCount : 1
[2018.03.25-22.35.08:120][325]LogFbx: ItemName: Model, ItemCount : 1
[2018.03.25-22.35.08:120][325]LogFbx: ItemName: Material, ItemCount : 2
[2018.03.25-22.35.08:123][325]LogFbx: Loading FBX Scene from C:\Users\User\Documents\GitHub\GDS220OneHappyFamily\Sol's Blender Models\Basic_Spikes.fbx
[2018.03.25-22.35.08:128][325]LogFbx: FBX Scene Loaded Succesfully
[2018.03.25-22.35.09:432][325]LogSlate: Window 'FBX Import Options' being destroyed
[2018.03.25-22.35.09:458][325]LogFbx: Loading FBX Scene from C:\Users\User\Documents\GitHub\GDS220OneHappyFamily\Sol's Blender Models\Basic_Spikes.fbx
[2018.03.25-22.35.09:462][325]LogFbx: FBX Scene Loaded Succesfully
[2018.03.25-22.35.09:465][325]LogMaterial: Missing cached shader map for material Spike1, compiling. 
[2018.03.25-22.35.09:473][325]LogShaderCompilers: Display: Shaders left to compile 22
[2018.03.25-22.35.09:473][325]LogShaderCompilers: Display: Shaders left to compile 12
[2018.03.25-22.35.09:473][325]LogShaderCompilers: Display: Shaders left to compile 2
[2018.03.25-22.35.09:475][325]LogMaterial: Missing cached shader map for material Red_d_Spike1, compiling. 
[2018.03.25-22.35.09:481][325]LogFbx: Warning: Triangulating static mesh Cone.002
[2018.03.25-22.35.09:483][325]LogShaderCompilers: Display: Shaders left to compile 22
[2018.03.25-22.35.09:483][325]LogStaticMesh: Building static mesh Basic_Spikes...
[2018.03.25-22.35.09:487][325]LogStaticMesh: Built static mesh [0.00s] /Game/SideScrollerBP/TEST_ASSETS/Basic_Spikes.Basic_Spikes
[2018.03.25-22.35.09:497][325]FBXImport: Warning: No smoothing group information was found in this FBX scene.  Please make sure to enable the 'Export Smoothing Groups' option in the FBX Exporter plug-in before exporting the file.  Even for tools that don't support smoothing groups, the FBX Exporter will generate appropriate smoothing data at export-time so that correct vertex normals can be inferred while importing. 
[2018.03.25-22.35.10:053][387]LogShaderCompilers: Display: Shaders left to compile 12
[2018.03.25-22.35.11:359][540]LogShaderCompilers: Display: Shaders left to compile 2
[2018.03.25-22.35.11:751][587]LogSlate: Window 'Message Log' being destroyed
[2018.03.25-22.35.11:753][587]LogSlate: Window 'Message Log' being destroyed
[2018.03.25-22.35.13:048][737]LogActorFactory: Actor Factory created Basic_Spikes
[2018.03.25-22.35.14:918][959]LogActorFactory: Actor Factory created Basic_Spikes
[2018.03.25-22.35.17:403][206]LogEditorViewport: Clicking on Actor (LMB): StaticMeshActor (Ledge7)
[2018.03.25-22.35.18:320][310]Cmd: DELETE
[2018.03.25-22.35.18:320][310]Cmd: ACTOR DELETE
[2018.03.25-22.35.18:384][310]LogEditorActor: Deleted Actor: StaticMeshActor
[2018.03.25-22.35.18:393][310]LogEditorActor: Deleted 1 Actors (0.046 secs)
[2018.03.25-22.35.18:711][348]LogEditorViewport: Clicking on Actor (LMB): StaticMeshActor (Basic_Spikes)
[2018.03.25-22.35.22:310][756]Cmd: EDIT COPY
[2018.03.25-22.35.22:496][776]Cmd: EDIT PASTE
[2018.03.25-22.35.24:652][ 29]LogEditorViewport: Clicking on Actor (LMB): StaticMeshActor (Ledge9)
[2018.03.25-22.35.25:074][ 75]Cmd: DELETE
[2018.03.25-22.35.25:074][ 75]Cmd: ACTOR DELETE
[2018.03.25-22.35.25:075][ 75]LogEditorActor: Deleted Actor: StaticMeshActor
[2018.03.25-22.35.25:083][ 75]LogEditorActor: Deleted 1 Actors (0.010 secs)
[2018.03.25-22.35.25:561][132]LogEditorViewport: Clicking on Actor (LMB): StaticMeshActor (Basic_Spikes2)
[2018.03.25-22.35.39:842][816]LogEditorViewport: Clicking on Actor (LMB): StaticMeshActor (Basic_Spikes)
[2018.03.25-22.36.48:354][ 23]LogEditorViewport: Clicking on Actor (LMB): StaticMeshActor (Wall3)
[2018.03.25-22.36.57:313][ 93]LogEditorViewport: Clicking on Actor (LMB): StaticMeshActor (Pillar2)
[2018.03.25-22.36.58:101][183]Cmd: DELETE
[2018.03.25-22.36.58:101][183]Cmd: ACTOR DELETE
[2018.03.25-22.36.58:103][183]LogEditorActor: Deleted Actor: StaticMeshActor
[2018.03.25-22.36.58:111][183]LogEditorActor: Deleted 1 Actors (0.010 secs)
[2018.03.25-22.36.58:462][225]LogEditorViewport: Clicking on Actor (LMB): StaticMeshActor (Wall3)
[2018.03.25-22.37.00:792][499]LogEditorViewport: Clicking on Actor (LMB): TextRenderActor (TemplateLabel)
[2018.03.25-22.37.01:296][520]LogEditorViewport: Clicking on Actor (LMB): TextRenderActor (TemplateLabel)
[2018.03.25-22.37.02:542][668]Cmd: DELETE
[2018.03.25-22.37.02:542][668]Cmd: ACTOR DELETE
[2018.03.25-22.37.02:543][668]LogEditorActor: Deleted Actor: TextRenderActor
[2018.03.25-22.37.02:551][668]LogEditorActor: Deleted 1 Actors (0.009 secs)
[2018.03.25-22.37.03:890][829]LogEditorViewport: Clicking on Actor (LMB): StaticMeshActor (Wall3)
